2024-10-16 16:58:20 - werkzeug - INFO - [31m[1mWARNING: This is a development server. Do not use it in a production deployment. Use a production WSGI server instead.[0m
 * Running on all addresses (0.0.0.0)
 * Running on http://127.0.0.1:5000
 * Running on http://192.168.0.16:5000
2024-10-16 16:58:20 - werkzeug - INFO - [33mPress CTRL+C to quit[0m
2024-10-16 16:58:20 - werkzeug - INFO -  * Restarting with stat
2024-10-16 16:58:21 - werkzeug - WARNING -  * Debugger is active!
2024-10-16 16:58:21 - werkzeug - INFO -  * Debugger PIN: 460-654-618
2024-10-16 16:59:41 - werkzeug - INFO -  * Detected change in 'd:\\sw\\Liapi\\app.py', reloading
2024-10-16 16:59:41 - werkzeug - INFO -  * Restarting with stat
2024-10-16 16:59:42 - werkzeug - WARNING -  * Debugger is active!
2024-10-16 16:59:42 - werkzeug - INFO -  * Debugger PIN: 460-654-618
2024-10-16 17:06:09 - werkzeug - INFO -  * Detected change in 'd:\\sw\\Liapi\\cv.py', reloading
2024-10-16 17:06:09 - werkzeug - INFO -  * Restarting with stat
2024-10-16 17:06:10 - werkzeug - WARNING -  * Debugger is active!
2024-10-16 17:06:10 - werkzeug - INFO -  * Debugger PIN: 460-654-618
2024-10-16 17:06:24 - werkzeug - INFO -  * Detected change in 'd:\\sw\\Liapi\\lidata.py', reloading
2024-10-16 17:06:24 - werkzeug - INFO -  * Restarting with stat
2024-10-16 17:06:25 - werkzeug - WARNING -  * Debugger is active!
2024-10-16 17:06:25 - werkzeug - INFO -  * Debugger PIN: 460-654-618
2024-10-16 17:06:42 - werkzeug - INFO -  * Detected change in 'd:\\sw\\Liapi\\lidata.py', reloading
2024-10-16 17:06:42 - werkzeug - INFO -  * Restarting with stat
2024-10-16 17:06:43 - werkzeug - WARNING -  * Debugger is active!
2024-10-16 17:06:43 - werkzeug - INFO -  * Debugger PIN: 460-654-618
2024-10-16 17:06:55 - werkzeug - INFO -  * Detected change in 'd:\\sw\\Liapi\\lidata.py', reloading
2024-10-16 17:06:55 - werkzeug - INFO -  * Restarting with stat
2024-10-16 17:06:56 - werkzeug - WARNING -  * Debugger is active!
2024-10-16 17:06:56 - werkzeug - INFO -  * Debugger PIN: 460-654-618
2024-10-16 17:07:12 - werkzeug - INFO - 192.168.0.16 - - [16/Oct/2024 17:07:12] "OPTIONS /api/url HTTP/1.1" 200 -
2024-10-16 17:07:12 - logger - INFO - Received request to handle URL
2024-10-16 17:07:12 - linkedin_api.client - DEBUG - Attempting to use cached cookies
2024-10-16 17:07:12 - linkedin_api.client - DEBUG - Using cached cookies
2024-10-16 17:07:12 - urllib3.connectionpool - DEBUG - Starting new HTTPS connection (1): www.linkedin.com:443
2024-10-16 17:07:12 - urllib3.connectionpool - DEBUG - https://www.linkedin.com:443 "GET / HTTP/11" 200 None
2024-10-16 17:07:13 - logger - INFO - Creating profile document for milenamarchenko
2024-10-16 17:07:17 - urllib3.connectionpool - DEBUG - Starting new HTTPS connection (1): www.linkedin.com:443
2024-10-16 17:07:18 - urllib3.connectionpool - DEBUG - https://www.linkedin.com:443 "GET /voyager/api/identity/profiles/milenamarchenko/profileView HTTP/11" 200 5461
2024-10-16 17:07:18 - werkzeug - INFO - 192.168.0.16 - - [16/Oct/2024 17:07:18] "[35m[1mPOST /api/url HTTP/1.1[0m" 500 -
2024-10-16 17:07:41 - werkzeug - INFO -  * Detected change in 'd:\\sw\\Liapi\\lidata.py', reloading
2024-10-16 17:07:41 - werkzeug - INFO -  * Restarting with stat
2024-10-16 17:07:42 - werkzeug - WARNING -  * Debugger is active!
2024-10-16 17:07:42 - werkzeug - INFO -  * Debugger PIN: 460-654-618
2024-10-16 17:07:45 - werkzeug - INFO - 192.168.0.16 - - [16/Oct/2024 17:07:45] "OPTIONS /api/url HTTP/1.1" 200 -
2024-10-16 17:07:45 - logger - INFO - Received request to handle URL
2024-10-16 17:07:45 - linkedin_api.client - DEBUG - Attempting to use cached cookies
2024-10-16 17:07:45 - linkedin_api.client - DEBUG - Using cached cookies
2024-10-16 17:07:45 - urllib3.connectionpool - DEBUG - Starting new HTTPS connection (1): www.linkedin.com:443
2024-10-16 17:07:46 - urllib3.connectionpool - DEBUG - https://www.linkedin.com:443 "GET / HTTP/11" 200 None
2024-10-16 17:07:47 - logger - INFO - Creating profile document for milenamarchenko
2024-10-16 17:07:49 - urllib3.connectionpool - DEBUG - Starting new HTTPS connection (1): www.linkedin.com:443
2024-10-16 17:07:49 - urllib3.connectionpool - DEBUG - https://www.linkedin.com:443 "GET /voyager/api/identity/profiles/milenamarchenko/profileView HTTP/11" 200 5469
2024-10-16 17:07:49 - werkzeug - INFO - 192.168.0.16 - - [16/Oct/2024 17:07:49] "[35m[1mPOST /api/url HTTP/1.1[0m" 500 -
2024-10-16 17:08:04 - werkzeug - INFO -  * Detected change in 'd:\\sw\\Liapi\\lidata.py', reloading
2024-10-16 17:08:04 - werkzeug - INFO -  * Restarting with stat
2024-10-16 17:08:05 - werkzeug - WARNING -  * Debugger is active!
2024-10-16 17:08:05 - werkzeug - INFO -  * Debugger PIN: 460-654-618
2024-10-16 17:08:41 - werkzeug - INFO -  * Detected change in 'd:\\sw\\Liapi\\cv.py', reloading
2024-10-16 17:08:41 - werkzeug - INFO -  * Restarting with stat
2024-10-16 17:08:41 - werkzeug - WARNING -  * Debugger is active!
2024-10-16 17:08:41 - werkzeug - INFO -  * Debugger PIN: 460-654-618
2024-10-16 17:08:54 - werkzeug - INFO -  * Detected change in 'd:\\sw\\Liapi\\app.py', reloading
2024-10-16 17:08:54 - werkzeug - INFO -  * Restarting with stat
2024-10-16 17:08:54 - werkzeug - WARNING -  * Debugger is active!
2024-10-16 17:08:54 - werkzeug - INFO -  * Debugger PIN: 460-654-618
2024-10-16 17:09:00 - werkzeug - INFO - 192.168.0.16 - - [16/Oct/2024 17:09:00] "OPTIONS /api/url HTTP/1.1" 200 -
2024-10-16 17:09:00 - logger - INFO - Received request to handle URL
2024-10-16 17:09:00 - linkedin_api.client - DEBUG - Attempting to use cached cookies
2024-10-16 17:09:00 - linkedin_api.client - DEBUG - Using cached cookies
2024-10-16 17:09:00 - urllib3.connectionpool - DEBUG - Starting new HTTPS connection (1): www.linkedin.com:443
2024-10-16 17:09:01 - urllib3.connectionpool - DEBUG - https://www.linkedin.com:443 "GET / HTTP/11" 200 None
2024-10-16 17:09:02 - logger - INFO - Creating profile document for milenamarchenko
2024-10-16 17:09:05 - urllib3.connectionpool - DEBUG - Starting new HTTPS connection (1): www.linkedin.com:443
2024-10-16 17:09:05 - urllib3.connectionpool - DEBUG - https://www.linkedin.com:443 "GET /voyager/api/identity/profiles/milenamarchenko/profileView HTTP/11" 200 5470
2024-10-16 17:09:06 - logger - ERROR - Error occurred while creating profile document: milenamarchenko
2024-10-16 17:09:06 - logger - INFO - Creating profile document for Milena
2024-10-16 17:09:06 - urllib3.connectionpool - DEBUG - Starting new HTTPS connection (1): media.licdn.com:443
2024-10-16 17:09:06 - urllib3.connectionpool - DEBUG - https://media.licdn.com:443 "GET /dms/image/v2/C5603AQHpzqsXIVGiwA/profile-displayphoto-shrink_100_100/profile-displayphoto-shrink_100_100/0/1522871097417?e=1734566400&v=beta&t=JrlHSZeOLJrp_FJUONP1hVOUR_CWIoAJ21yXogbsaTw HTTP/11" 200 4039
2024-10-16 17:09:06 - werkzeug - INFO - 192.168.0.16 - - [16/Oct/2024 17:09:06] "[35m[1mPOST /api/url HTTP/1.1[0m" 500 -
2024-10-16 17:11:03 - werkzeug - INFO -  * Detected change in 'd:\\sw\\Liapi\\cv.py', reloading
2024-10-16 17:11:03 - werkzeug - INFO -  * Restarting with stat
2024-10-16 17:11:04 - werkzeug - WARNING -  * Debugger is active!
2024-10-16 17:11:04 - werkzeug - INFO -  * Debugger PIN: 460-654-618
2024-10-16 17:11:14 - werkzeug - INFO - 192.168.0.16 - - [16/Oct/2024 17:11:14] "OPTIONS /api/url HTTP/1.1" 200 -
2024-10-16 17:11:14 - logger - INFO - Received request to handle URL
2024-10-16 17:11:14 - linkedin_api.client - DEBUG - Attempting to use cached cookies
2024-10-16 17:11:14 - linkedin_api.client - DEBUG - Using cached cookies
2024-10-16 17:11:14 - urllib3.connectionpool - DEBUG - Starting new HTTPS connection (1): www.linkedin.com:443
2024-10-16 17:11:15 - urllib3.connectionpool - DEBUG - https://www.linkedin.com:443 "GET / HTTP/11" 200 None
2024-10-16 17:11:16 - logger - INFO - Creating profile document for milenamarchenko
2024-10-16 17:11:18 - urllib3.connectionpool - DEBUG - Starting new HTTPS connection (1): www.linkedin.com:443
2024-10-16 17:11:18 - urllib3.connectionpool - DEBUG - https://www.linkedin.com:443 "GET /voyager/api/identity/profiles/milenamarchenko/profileView HTTP/11" 200 5463
2024-10-16 17:11:18 - logger - ERROR - Error occurred while creating profile document: milenamarchenko
2024-10-16 17:11:19 - logger - INFO - Creating profile document for Milena
2024-10-16 17:11:19 - urllib3.connectionpool - DEBUG - Starting new HTTPS connection (1): media.licdn.com:443
2024-10-16 17:11:19 - urllib3.connectionpool - DEBUG - https://media.licdn.com:443 "GET /dms/image/v2/C5603AQHpzqsXIVGiwA/profile-displayphoto-shrink_100_100/profile-displayphoto-shrink_100_100/0/1522871097417?e=1734566400&v=beta&t=JrlHSZeOLJrp_FJUONP1hVOUR_CWIoAJ21yXogbsaTw HTTP/11" 200 4039
2024-10-16 17:11:19 - logger - ERROR - Error occurred while creating profile document: Milena_Marchenko
2024-10-16 17:11:19 - logger - ERROR - Error occurred while handling URL: https://www.linkedin.com/in/milenamarchenko/
2024-10-16 17:11:19 - werkzeug - INFO - 192.168.0.16 - - [16/Oct/2024 17:11:19] "POST /api/url HTTP/1.1" 200 -
2024-10-16 17:13:40 - werkzeug - INFO -  * Detected change in 'd:\\sw\\Liapi\\lidata.py', reloading
2024-10-16 17:13:40 - werkzeug - INFO -  * Restarting with stat
2024-10-16 17:36:20 - werkzeug - INFO - [31m[1mWARNING: This is a development server. Do not use it in a production deployment. Use a production WSGI server instead.[0m
 * Running on all addresses (0.0.0.0)
 * Running on http://127.0.0.1:5000
 * Running on http://192.168.0.16:5000
2024-10-16 17:36:20 - werkzeug - INFO - [33mPress CTRL+C to quit[0m
2024-10-16 17:36:20 - werkzeug - INFO -  * Restarting with stat
2024-10-16 17:36:20 - werkzeug - WARNING -  * Debugger is active!
2024-10-16 17:36:20 - werkzeug - INFO -  * Debugger PIN: 460-654-618
2024-10-16 17:36:29 - werkzeug - INFO - 192.168.0.16 - - [16/Oct/2024 17:36:29] "OPTIONS /api/url HTTP/1.1" 200 -
2024-10-16 17:36:29 - logger - INFO - Received request to handle URL
2024-10-16 17:36:29 - logger - INFO - Receiving data for: https://www.linkedin.com/in/victoria2909/
2024-10-16 17:36:29 - linkedin_api.client - DEBUG - Attempting to use cached cookies
2024-10-16 17:36:29 - linkedin_api.client - DEBUG - Using cached cookies
2024-10-16 17:36:29 - urllib3.connectionpool - DEBUG - Starting new HTTPS connection (1): www.linkedin.com:443
2024-10-16 17:36:30 - urllib3.connectionpool - DEBUG - https://www.linkedin.com:443 "GET / HTTP/11" 200 None
2024-10-16 17:36:34 - urllib3.connectionpool - DEBUG - Starting new HTTPS connection (1): www.linkedin.com:443
2024-10-16 17:36:35 - urllib3.connectionpool - DEBUG - https://www.linkedin.com:443 "GET /voyager/api/identity/profiles/victoria2909/profileView HTTP/11" 200 4259
2024-10-16 17:36:35 - logger - ERROR - Error occurred while creating profile document: https://www.linkedin.com/in/victoria2909/ cannot access local variable 'e' where it is not associated with a value
2024-10-16 17:36:35 - werkzeug - INFO - 192.168.0.16 - - [16/Oct/2024 17:36:35] "[35m[1mPOST /api/url HTTP/1.1[0m" 500 -
2024-10-16 17:38:45 - werkzeug - INFO -  * Detected change in 'd:\\sw\\Liapi\\app.py', reloading
2024-10-16 17:38:45 - werkzeug - INFO -  * Restarting with stat
2024-10-16 17:38:46 - werkzeug - WARNING -  * Debugger is active!
2024-10-16 17:38:46 - werkzeug - INFO -  * Debugger PIN: 460-654-618
2024-10-16 17:38:51 - werkzeug - INFO - 192.168.0.16 - - [16/Oct/2024 17:38:51] "OPTIONS /api/url HTTP/1.1" 200 -
2024-10-16 17:38:51 - logger - INFO - Received request to handle URL
2024-10-16 17:38:51 - logger - INFO - Receiving data for: https://www.linkedin.com/in/victoria2909/
2024-10-16 17:38:51 - linkedin_api.client - DEBUG - Attempting to use cached cookies
2024-10-16 17:38:51 - linkedin_api.client - DEBUG - Using cached cookies
2024-10-16 17:38:51 - urllib3.connectionpool - DEBUG - Starting new HTTPS connection (1): www.linkedin.com:443
2024-10-16 17:38:52 - urllib3.connectionpool - DEBUG - https://www.linkedin.com:443 "GET / HTTP/11" 200 None
2024-10-16 17:38:57 - urllib3.connectionpool - DEBUG - Starting new HTTPS connection (1): www.linkedin.com:443
2024-10-16 17:38:58 - urllib3.connectionpool - DEBUG - https://www.linkedin.com:443 "GET /voyager/api/identity/profiles/victoria2909/profileView HTTP/11" 200 4271
2024-10-16 17:38:58 - logger - INFO - Creating profile document for: https://www.linkedin.com/in/victoria2909/
2024-10-16 17:38:58 - urllib3.connectionpool - DEBUG - Starting new HTTPS connection (1): media.licdn.com:443
2024-10-16 17:38:58 - urllib3.connectionpool - DEBUG - https://media.licdn.com:443 "GET /dms/image/v2/D4E03AQHSkM5IIW36SQ/profile-displayphoto-shrink_100_100/profile-displayphoto-shrink_100_100/0/1726751875279?e=1734566400&v=beta&t=Bxu4IefP4QP6fYIBN3Ck7LsVrCrkUpZ7MwYZQE4YgY8 HTTP/11" 200 4881
2024-10-16 17:38:58 - werkzeug - INFO - 192.168.0.16 - - [16/Oct/2024 17:38:58] "POST /api/url HTTP/1.1" 200 -
2024-10-16 17:42:01 - werkzeug - INFO -  * Detected change in 'd:\\sw\\Liapi\\app.py', reloading
2024-10-16 17:42:01 - werkzeug - INFO -  * Restarting with stat
2024-10-16 17:42:01 - werkzeug - WARNING -  * Debugger is active!
2024-10-16 17:42:01 - werkzeug - INFO -  * Debugger PIN: 460-654-618
2024-10-16 21:28:48 - werkzeug - INFO - [31m[1mWARNING: This is a development server. Do not use it in a production deployment. Use a production WSGI server instead.[0m
 * Running on all addresses (0.0.0.0)
 * Running on http://127.0.0.1:5000
 * Running on http://192.168.0.16:5000
2024-10-16 21:28:48 - werkzeug - INFO - [33mPress CTRL+C to quit[0m
2024-10-16 21:28:48 - werkzeug - INFO -  * Restarting with stat
2024-10-16 21:28:49 - werkzeug - WARNING -  * Debugger is active!
2024-10-16 21:28:49 - werkzeug - INFO -  * Debugger PIN: 460-654-618
2024-10-16 21:28:59 - werkzeug - INFO - 192.168.0.16 - - [16/Oct/2024 21:28:59] "OPTIONS /api/url HTTP/1.1" 200 -
2024-10-16 21:28:59 - logger - INFO - Receiving data for: https://www.linkedin.com/in/maryna-shnaider-9aba05102/
2024-10-16 21:28:59 - linkedin_api.client - DEBUG - Attempting to use cached cookies
2024-10-16 21:28:59 - linkedin_api.client - DEBUG - Using cached cookies
2024-10-16 21:28:59 - urllib3.connectionpool - DEBUG - Starting new HTTPS connection (1): www.linkedin.com:443
2024-10-16 21:28:59 - urllib3.connectionpool - DEBUG - https://www.linkedin.com:443 "GET / HTTP/11" 200 None
2024-10-16 21:29:06 - urllib3.connectionpool - DEBUG - Starting new HTTPS connection (1): www.linkedin.com:443
2024-10-16 21:29:06 - urllib3.connectionpool - DEBUG - https://www.linkedin.com:443 "GET /voyager/api/identity/profiles/maryna-shnaider-9aba05102/profileView HTTP/11" 200 3354
2024-10-16 21:29:06 - logger - INFO - Creating profile document for: https://www.linkedin.com/in/maryna-shnaider-9aba05102/
2024-10-16 21:29:06 - urllib3.connectionpool - DEBUG - Starting new HTTPS connection (1): media.licdn.com:443
2024-10-16 21:29:06 - urllib3.connectionpool - DEBUG - https://media.licdn.com:443 "GET /dms/image/v2/C4D03AQG0RNq9hVacdw/profile-displayphoto-shrink_200_200/profile-displayphoto-shrink_200_200/0/1649256201818?e=1734566400&v=beta&t=qKpaIgW8HoXXQIbBLp6GStqgdGlLnrOGfupItQ9BiQA HTTP/11" 200 16394
2024-10-16 21:29:06 - werkzeug - INFO - 192.168.0.16 - - [16/Oct/2024 21:29:06] "POST /api/url HTTP/1.1" 200 -
2024-10-16 21:30:53 - werkzeug - INFO - 192.168.0.16 - - [16/Oct/2024 21:30:53] "OPTIONS /api/url HTTP/1.1" 200 -
2024-10-16 21:30:53 - logger - INFO - Receiving data for: https://www.linkedin.com/in/antobo/
2024-10-16 21:30:53 - linkedin_api.client - DEBUG - Attempting to use cached cookies
2024-10-16 21:30:53 - linkedin_api.client - DEBUG - Using cached cookies
2024-10-16 21:30:53 - urllib3.connectionpool - DEBUG - Starting new HTTPS connection (1): www.linkedin.com:443
2024-10-16 21:30:53 - urllib3.connectionpool - DEBUG - https://www.linkedin.com:443 "GET / HTTP/11" 200 None
2024-10-16 21:30:58 - urllib3.connectionpool - DEBUG - Starting new HTTPS connection (1): www.linkedin.com:443
2024-10-16 21:30:58 - urllib3.connectionpool - DEBUG - https://www.linkedin.com:443 "GET /voyager/api/identity/profiles/antobo/profileView HTTP/11" 200 3811
2024-10-16 21:30:58 - logger - INFO - Creating profile document for: https://www.linkedin.com/in/antobo/
2024-10-16 21:30:58 - urllib3.connectionpool - DEBUG - Starting new HTTPS connection (1): media.licdn.com:443
2024-10-16 21:30:58 - urllib3.connectionpool - DEBUG - https://media.licdn.com:443 "GET /dms/image/v2/C4E03AQHPMEXP15NPGA/profile-displayphoto-shrink_200_200/profile-displayphoto-shrink_200_200/0/1654522053267?e=1734566400&v=beta&t=Z9gIxSLAIsyItau5catEjag5T_ycJgsvkwOEZ58b_XE HTTP/11" 200 7577
2024-10-16 21:30:58 - werkzeug - INFO - 192.168.0.16 - - [16/Oct/2024 21:30:58] "POST /api/url HTTP/1.1" 200 -
2024-10-16 21:43:00 - werkzeug - INFO - 192.168.0.16 - - [16/Oct/2024 21:43:00] "OPTIONS /api/url HTTP/1.1" 200 -
2024-10-16 21:43:00 - logger - INFO - Receiving data for: https://www.linkedin.com/in/alex-chub-58393747/
2024-10-16 21:43:00 - linkedin_api.client - DEBUG - Attempting to use cached cookies
2024-10-16 21:43:00 - linkedin_api.client - DEBUG - Using cached cookies
2024-10-16 21:43:00 - urllib3.connectionpool - DEBUG - Starting new HTTPS connection (1): www.linkedin.com:443
2024-10-16 21:43:00 - urllib3.connectionpool - DEBUG - https://www.linkedin.com:443 "GET / HTTP/11" 200 None
2024-10-16 21:43:05 - urllib3.connectionpool - DEBUG - Starting new HTTPS connection (1): www.linkedin.com:443
2024-10-16 21:43:05 - urllib3.connectionpool - DEBUG - https://www.linkedin.com:443 "GET /voyager/api/identity/profiles/alex-chub-58393747/profileView HTTP/11" 200 5776
2024-10-16 21:43:06 - logger - INFO - Creating profile document for: https://www.linkedin.com/in/alex-chub-58393747/
2024-10-16 21:43:06 - urllib3.connectionpool - DEBUG - Starting new HTTPS connection (1): media.licdn.com:443
2024-10-16 21:43:06 - urllib3.connectionpool - DEBUG - https://media.licdn.com:443 "GET /dms/image/v2/C4E03AQEvLxH5T-r-fQ/profile-displayphoto-shrink_200_200/profile-displayphoto-shrink_200_200/0/1585641230533?e=1734566400&v=beta&t=xid8d7tUpe_WR-YLUftFi44hLqNixBuq7hKVOlkhILA HTTP/11" 200 8387
2024-10-16 21:43:06 - werkzeug - INFO - 192.168.0.16 - - [16/Oct/2024 21:43:06] "POST /api/url HTTP/1.1" 200 -
2024-10-16 21:44:56 - werkzeug - INFO - 192.168.0.16 - - [16/Oct/2024 21:44:56] "OPTIONS /api/url HTTP/1.1" 200 -
2024-10-16 21:44:56 - logger - INFO - Receiving data for: https://www.linkedin.com/feed/
2024-10-16 21:44:56 - linkedin_api.client - DEBUG - Attempting to use cached cookies
2024-10-16 21:44:56 - linkedin_api.client - DEBUG - Using cached cookies
2024-10-16 21:44:56 - urllib3.connectionpool - DEBUG - Starting new HTTPS connection (1): www.linkedin.com:443
2024-10-16 21:44:57 - urllib3.connectionpool - DEBUG - https://www.linkedin.com:443 "GET / HTTP/11" 200 None
2024-10-16 21:45:01 - urllib3.connectionpool - DEBUG - Starting new HTTPS connection (1): www.linkedin.com:443
2024-10-16 21:45:02 - urllib3.connectionpool - DEBUG - https://www.linkedin.com:443 "GET /voyager/api/identity/profiles/feed/profileView HTTP/11" 200 2501
2024-10-16 21:45:02 - logger - INFO - Creating profile document for: https://www.linkedin.com/feed/
2024-10-16 21:45:02 - urllib3.connectionpool - DEBUG - Starting new HTTPS connection (1): media.licdn.com:443
2024-10-16 21:45:02 - urllib3.connectionpool - DEBUG - https://media.licdn.com:443 "GET /dms/image/v2/C5603AQHX_5vvGYzy2Q/profile-displayphoto-shrink_200_200/profile-displayphoto-shrink_200_200/0/1517884228925?e=1734566400&v=beta&t=_5hnviFdBDieNcByvYa1RoVDy-_dUhTFGAPVIpA-G6I HTTP/11" 200 13852
2024-10-16 21:45:02 - werkzeug - INFO - 192.168.0.16 - - [16/Oct/2024 21:45:02] "POST /api/url HTTP/1.1" 200 -
2024-10-16 21:45:46 - werkzeug - INFO - 192.168.0.16 - - [16/Oct/2024 21:45:46] "OPTIONS /api/url HTTP/1.1" 200 -
2024-10-16 21:45:46 - logger - INFO - Receiving data for: https://www.linkedin.com/feed/
2024-10-16 21:45:46 - linkedin_api.client - DEBUG - Attempting to use cached cookies
2024-10-16 21:45:46 - linkedin_api.client - DEBUG - Using cached cookies
2024-10-16 21:45:46 - urllib3.connectionpool - DEBUG - Starting new HTTPS connection (1): www.linkedin.com:443
2024-10-16 21:45:47 - urllib3.connectionpool - DEBUG - https://www.linkedin.com:443 "GET / HTTP/11" 200 None
2024-10-16 21:45:53 - urllib3.connectionpool - DEBUG - Starting new HTTPS connection (1): www.linkedin.com:443
2024-10-16 21:45:54 - urllib3.connectionpool - DEBUG - https://www.linkedin.com:443 "GET /voyager/api/identity/profiles/feed/profileView HTTP/11" 200 2501
2024-10-16 21:45:54 - logger - INFO - Creating profile document for: https://www.linkedin.com/feed/
2024-10-16 21:45:54 - urllib3.connectionpool - DEBUG - Starting new HTTPS connection (1): media.licdn.com:443
2024-10-16 21:45:54 - urllib3.connectionpool - DEBUG - https://media.licdn.com:443 "GET /dms/image/v2/C5603AQHX_5vvGYzy2Q/profile-displayphoto-shrink_200_200/profile-displayphoto-shrink_200_200/0/1517884228925?e=1734566400&v=beta&t=_5hnviFdBDieNcByvYa1RoVDy-_dUhTFGAPVIpA-G6I HTTP/11" 200 13852
2024-10-16 21:45:54 - werkzeug - INFO - 192.168.0.16 - - [16/Oct/2024 21:45:54] "POST /api/url HTTP/1.1" 200 -
2024-10-16 21:56:21 - werkzeug - INFO - 192.168.0.16 - - [16/Oct/2024 21:56:21] "OPTIONS /api/url HTTP/1.1" 200 -
2024-10-16 21:56:21 - logger - INFO - Receiving data for: https://www.linkedin.com/in/dagnija-gile-84876a24b/
2024-10-16 21:56:21 - linkedin_api.client - DEBUG - Attempting to use cached cookies
2024-10-16 21:56:21 - linkedin_api.client - DEBUG - Using cached cookies
2024-10-16 21:56:21 - urllib3.connectionpool - DEBUG - Starting new HTTPS connection (1): www.linkedin.com:443
2024-10-16 21:56:22 - urllib3.connectionpool - DEBUG - https://www.linkedin.com:443 "GET / HTTP/11" 200 None
2024-10-16 21:56:26 - urllib3.connectionpool - DEBUG - Starting new HTTPS connection (1): www.linkedin.com:443
2024-10-16 21:56:27 - urllib3.connectionpool - DEBUG - https://www.linkedin.com:443 "GET /voyager/api/identity/profiles/dagnija-gile-84876a24b/profileView HTTP/11" 200 5531
2024-10-16 21:56:27 - logger - INFO - Creating profile document for: https://www.linkedin.com/in/dagnija-gile-84876a24b/
2024-10-16 21:56:27 - urllib3.connectionpool - DEBUG - Starting new HTTPS connection (1): media.licdn.com:443
2024-10-16 21:56:27 - urllib3.connectionpool - DEBUG - https://media.licdn.com:443 "GET /dms/image/v2/D4E03AQFzP0fvcbFbyg/profile-displayphoto-shrink_200_200/profile-displayphoto-shrink_200_200/0/1698683266391?e=1734566400&v=beta&t=14O9omlyBu8tHLkyjGrKWaMhR2xxE6M5csn4Zg42Qa8 HTTP/11" 200 10426
2024-10-16 21:56:27 - werkzeug - INFO - 192.168.0.16 - - [16/Oct/2024 21:56:27] "POST /api/url HTTP/1.1" 200 -
2024-10-17 20:46:56 - werkzeug - INFO - [31m[1mWARNING: This is a development server. Do not use it in a production deployment. Use a production WSGI server instead.[0m
 * Running on all addresses (0.0.0.0)
 * Running on http://127.0.0.1:5000
 * Running on http://192.168.0.16:5000
2024-10-17 20:46:56 - werkzeug - INFO - [33mPress CTRL+C to quit[0m
2024-10-17 20:46:56 - werkzeug - INFO -  * Restarting with stat
2024-10-17 20:46:57 - werkzeug - WARNING -  * Debugger is active!
2024-10-17 20:46:57 - werkzeug - INFO -  * Debugger PIN: 460-654-618
2024-10-17 20:47:14 - werkzeug - INFO - 192.168.0.16 - - [17/Oct/2024 20:47:14] "OPTIONS /api/url HTTP/1.1" 200 -
2024-10-17 20:47:14 - logger - INFO - Receiving data for: https://www.linkedin.com/in/maksym-zubenko-od/
2024-10-17 20:47:14 - linkedin_api.client - DEBUG - Attempting to use cached cookies
2024-10-17 20:47:14 - linkedin_api.client - DEBUG - Using cached cookies
2024-10-17 20:47:14 - urllib3.connectionpool - DEBUG - Starting new HTTPS connection (1): www.linkedin.com:443
2024-10-17 20:47:14 - urllib3.connectionpool - DEBUG - https://www.linkedin.com:443 "GET / HTTP/11" 200 None
2024-10-17 20:47:20 - urllib3.connectionpool - DEBUG - Starting new HTTPS connection (1): www.linkedin.com:443
2024-10-17 20:47:20 - urllib3.connectionpool - DEBUG - https://www.linkedin.com:443 "GET /voyager/api/identity/profiles/maksym-zubenko-od/profileView HTTP/11" 200 9101
2024-10-17 20:47:20 - logger - INFO - Creating profile document for: https://www.linkedin.com/in/maksym-zubenko-od/
2024-10-17 20:47:21 - urllib3.connectionpool - DEBUG - Starting new HTTPS connection (1): media.licdn.com:443
2024-10-17 20:47:21 - urllib3.connectionpool - DEBUG - https://media.licdn.com:443 "GET /dms/image/v2/D4E03AQEX9HaDaZ1bPQ/profile-displayphoto-shrink_200_200/profile-displayphoto-shrink_200_200/0/1728414253662?e=1734566400&v=beta&t=w4R3b3Z2wa_PBmG6pvag7KbXpeaXP66KdVWjSftnXAA HTTP/11" 200 9649
2024-10-17 20:47:21 - werkzeug - INFO - 192.168.0.16 - - [17/Oct/2024 20:47:21] "POST /api/url HTTP/1.1" 200 -
2024-10-17 21:05:55 - werkzeug - INFO - [31m[1mWARNING: This is a development server. Do not use it in a production deployment. Use a production WSGI server instead.[0m
 * Running on all addresses (0.0.0.0)
 * Running on http://127.0.0.1:5000
 * Running on http://192.168.0.16:5000
2024-10-17 21:05:55 - werkzeug - INFO - [33mPress CTRL+C to quit[0m
2024-10-17 21:05:55 - werkzeug - INFO -  * Restarting with stat
2024-10-17 21:05:56 - werkzeug - WARNING -  * Debugger is active!
2024-10-17 21:05:56 - werkzeug - INFO -  * Debugger PIN: 460-654-618
2024-10-17 21:06:11 - werkzeug - INFO - 192.168.0.16 - - [17/Oct/2024 21:06:11] "OPTIONS /api/url HTTP/1.1" 200 -
2024-10-17 21:06:11 - logger - INFO - Receiving data for: https://www.linkedin.com/in/olena-khirsa/
2024-10-17 21:06:11 - linkedin_api.client - DEBUG - Attempting to use cached cookies
2024-10-17 21:06:11 - linkedin_api.client - DEBUG - Using cached cookies
2024-10-17 21:06:11 - urllib3.connectionpool - DEBUG - Starting new HTTPS connection (1): www.linkedin.com:443
2024-10-17 21:06:12 - urllib3.connectionpool - DEBUG - https://www.linkedin.com:443 "GET / HTTP/11" 200 None
2024-10-17 21:06:16 - urllib3.connectionpool - DEBUG - Starting new HTTPS connection (1): www.linkedin.com:443
2024-10-17 21:06:16 - urllib3.connectionpool - DEBUG - https://www.linkedin.com:443 "GET /voyager/api/identity/profiles/olena-khirsa/profileView HTTP/11" 200 8794
2024-10-17 21:06:19 - urllib3.connectionpool - DEBUG - https://www.linkedin.com:443 "GET /voyager/api/identity/profiles/olena-khirsa/profileContactInfo HTTP/11" 200 200
2024-10-17 21:06:19 - logger - INFO - Creating profile document for: https://www.linkedin.com/in/olena-khirsa/
2024-10-17 21:06:19 - urllib3.connectionpool - DEBUG - Starting new HTTPS connection (1): media.licdn.com:443
2024-10-17 21:06:19 - urllib3.connectionpool - DEBUG - https://media.licdn.com:443 "GET /dms/image/v2/D4E03AQE5ayK2YW_04A/profile-displayphoto-shrink_200_200/profile-displayphoto-shrink_200_200/0/1720076545590?e=1734566400&v=beta&t=WnXLi4CPAFKVQCjyp_zlTSUkJp4VZRZCI2gSdRVuZlU HTTP/11" 200 11863
2024-10-17 21:06:19 - werkzeug - INFO - 192.168.0.16 - - [17/Oct/2024 21:06:19] "POST /api/url HTTP/1.1" 200 -
2024-10-17 21:06:47 - werkzeug - INFO - 192.168.0.16 - - [17/Oct/2024 21:06:47] "OPTIONS /api/url HTTP/1.1" 200 -
2024-10-17 21:06:47 - logger - INFO - Receiving data for: https://www.linkedin.com/in/afurmanenko/
2024-10-17 21:06:47 - linkedin_api.client - DEBUG - Attempting to use cached cookies
2024-10-17 21:06:47 - linkedin_api.client - DEBUG - Using cached cookies
2024-10-17 21:06:47 - urllib3.connectionpool - DEBUG - Starting new HTTPS connection (1): www.linkedin.com:443
2024-10-17 21:06:48 - urllib3.connectionpool - DEBUG - https://www.linkedin.com:443 "GET / HTTP/11" 200 None
2024-10-17 21:06:54 - urllib3.connectionpool - DEBUG - Starting new HTTPS connection (1): www.linkedin.com:443
2024-10-17 21:06:55 - urllib3.connectionpool - DEBUG - https://www.linkedin.com:443 "GET /voyager/api/identity/profiles/afurmanenko/profileView HTTP/11" 200 4530
2024-10-17 21:06:57 - urllib3.connectionpool - DEBUG - https://www.linkedin.com:443 "GET /voyager/api/identity/profiles/afurmanenko/profileContactInfo HTTP/11" 200 310
2024-10-17 21:06:57 - logger - INFO - Creating profile document for: https://www.linkedin.com/in/afurmanenko/
2024-10-17 21:06:57 - urllib3.connectionpool - DEBUG - Starting new HTTPS connection (1): media.licdn.com:443
2024-10-17 21:06:58 - urllib3.connectionpool - DEBUG - https://media.licdn.com:443 "GET /dms/image/v2/C4D03AQGpL7z_ljO4Rw/profile-displayphoto-shrink_200_200/profile-displayphoto-shrink_200_200/0/1516983436506?e=1734566400&v=beta&t=MubGpICwrgQgwKqJNYxCKCVSWmELrP75aQHx5Df_6ew HTTP/11" 200 10638
2024-10-17 21:06:58 - werkzeug - INFO - 192.168.0.16 - - [17/Oct/2024 21:06:58] "POST /api/url HTTP/1.1" 200 -
2024-10-17 21:09:04 - werkzeug - INFO - 192.168.0.16 - - [17/Oct/2024 21:09:04] "OPTIONS /api/url HTTP/1.1" 200 -
2024-10-17 21:09:04 - logger - INFO - Receiving data for: https://www.linkedin.com/in/dmytro--melnyk/
2024-10-17 21:09:04 - linkedin_api.client - DEBUG - Attempting to use cached cookies
2024-10-17 21:09:04 - linkedin_api.client - DEBUG - Using cached cookies
2024-10-17 21:09:04 - urllib3.connectionpool - DEBUG - Starting new HTTPS connection (1): www.linkedin.com:443
2024-10-17 21:09:05 - urllib3.connectionpool - DEBUG - https://www.linkedin.com:443 "GET / HTTP/11" 200 None
2024-10-17 21:09:10 - urllib3.connectionpool - DEBUG - Starting new HTTPS connection (1): www.linkedin.com:443
2024-10-17 21:09:11 - urllib3.connectionpool - DEBUG - https://www.linkedin.com:443 "GET /voyager/api/identity/profiles/dmytro--melnyk/profileView HTTP/11" 200 12890
2024-10-17 21:09:15 - urllib3.connectionpool - DEBUG - https://www.linkedin.com:443 "GET /voyager/api/identity/profiles/dmytro--melnyk/profileContactInfo HTTP/11" 200 None
2024-10-17 21:09:15 - logger - INFO - Creating profile document for: https://www.linkedin.com/in/dmytro--melnyk/
2024-10-17 21:09:15 - urllib3.connectionpool - DEBUG - Starting new HTTPS connection (1): media.licdn.com:443
2024-10-17 21:09:15 - urllib3.connectionpool - DEBUG - https://media.licdn.com:443 "GET /dms/image/v2/D4D03AQFLfNM71LND6w/profile-displayphoto-shrink_200_200/profile-displayphoto-shrink_200_200/0/1721680879506?e=1734566400&v=beta&t=q5BK2b1TK1HBybwaL1XeTG3w3yMvj_OmCVyzA4t3110 HTTP/11" 200 11061
2024-10-17 21:09:16 - werkzeug - INFO - 192.168.0.16 - - [17/Oct/2024 21:09:16] "POST /api/url HTTP/1.1" 200 -
2024-10-17 21:11:00 - werkzeug - INFO - 192.168.0.16 - - [17/Oct/2024 21:11:00] "OPTIONS /api/url HTTP/1.1" 200 -
2024-10-17 21:11:00 - logger - INFO - Receiving data for: https://www.linkedin.com/in/polina-skliar-shrm-scp-5176007b/
2024-10-17 21:11:00 - linkedin_api.client - DEBUG - Attempting to use cached cookies
2024-10-17 21:11:00 - linkedin_api.client - DEBUG - Using cached cookies
2024-10-17 21:11:00 - urllib3.connectionpool - DEBUG - Starting new HTTPS connection (1): www.linkedin.com:443
2024-10-17 21:11:00 - urllib3.connectionpool - DEBUG - https://www.linkedin.com:443 "GET / HTTP/11" 200 None
2024-10-17 21:11:04 - urllib3.connectionpool - DEBUG - Starting new HTTPS connection (1): www.linkedin.com:443
2024-10-17 21:11:05 - urllib3.connectionpool - DEBUG - https://www.linkedin.com:443 "GET /voyager/api/identity/profiles/polina-skliar-shrm-scp-5176007b/profileView HTTP/11" 200 6035
2024-10-17 21:11:07 - urllib3.connectionpool - DEBUG - https://www.linkedin.com:443 "GET /voyager/api/identity/profiles/polina-skliar-shrm-scp-5176007b/profileContactInfo HTTP/11" 200 None
2024-10-17 21:11:08 - logger - INFO - Creating profile document for: https://www.linkedin.com/in/polina-skliar-shrm-scp-5176007b/
2024-10-17 21:11:08 - urllib3.connectionpool - DEBUG - Starting new HTTPS connection (1): media.licdn.com:443
2024-10-17 21:11:08 - urllib3.connectionpool - DEBUG - https://media.licdn.com:443 "GET /dms/image/v2/D4E03AQHoeizkzRKZoA/profile-displayphoto-shrink_200_200/profile-displayphoto-shrink_200_200/0/1687194801482?e=1734566400&v=beta&t=l8GZy8Acw73WDb29lOpgC32SmeUnFl8vlJoENTWMfi4 HTTP/11" 200 12852
2024-10-17 21:11:09 - werkzeug - INFO - 192.168.0.16 - - [17/Oct/2024 21:11:09] "POST /api/url HTTP/1.1" 200 -
2024-10-17 21:14:20 - werkzeug - INFO -  * Detected change in 'd:\\sw\\Liapi\\lidata.py', reloading
2024-10-17 21:14:20 - werkzeug - INFO -  * Restarting with stat
2024-10-17 21:14:21 - werkzeug - WARNING -  * Debugger is active!
2024-10-17 21:14:21 - werkzeug - INFO -  * Debugger PIN: 460-654-618
2024-10-17 21:14:31 - werkzeug - INFO -  * Detected change in 'd:\\sw\\Liapi\\lidata.py', reloading
2024-10-17 21:14:31 - werkzeug - INFO -  * Restarting with stat
2024-10-17 21:14:32 - werkzeug - WARNING -  * Debugger is active!
2024-10-17 21:14:32 - werkzeug - INFO -  * Debugger PIN: 460-654-618
2024-10-17 21:14:42 - werkzeug - INFO - 192.168.0.16 - - [17/Oct/2024 21:14:42] "OPTIONS /api/url HTTP/1.1" 200 -
2024-10-17 21:14:42 - logger - INFO - Receiving data for: https://www.linkedin.com/in/polina-skliar-shrm-scp-5176007b/
2024-10-17 21:14:42 - linkedin_api.client - DEBUG - Attempting to use cached cookies
2024-10-17 21:14:42 - linkedin_api.client - DEBUG - Using cached cookies
2024-10-17 21:14:42 - urllib3.connectionpool - DEBUG - Starting new HTTPS connection (1): www.linkedin.com:443
2024-10-17 21:14:43 - urllib3.connectionpool - DEBUG - https://www.linkedin.com:443 "GET / HTTP/11" 200 None
2024-10-17 21:14:46 - urllib3.connectionpool - DEBUG - Starting new HTTPS connection (1): www.linkedin.com:443
2024-10-17 21:14:47 - urllib3.connectionpool - DEBUG - https://www.linkedin.com:443 "GET /voyager/api/identity/profiles/polina-skliar-shrm-scp-5176007b/profileView HTTP/11" 200 6031
2024-10-17 21:14:51 - urllib3.connectionpool - DEBUG - https://www.linkedin.com:443 "GET /voyager/api/identity/profiles/polina-skliar-shrm-scp-5176007b/profileContactInfo HTTP/11" 200 None
2024-10-17 21:14:55 - urllib3.connectionpool - DEBUG - https://www.linkedin.com:443 "GET /voyager/api/graphql?variables=(profileUrn:urn%3Ali%3Afsd_profile%3Apolina-skliar-shrm-scp-5176007b,sectionType:experience)&queryId=voyagerIdentityDashProfileComponents.7af5d6f176f11583b382e37e5639e69e&includeWebMetadata=true HTTP/11" 200 19993
2024-10-17 21:14:55 - logger - ERROR - Error occurred while receiving data for: https://www.linkedin.com/in/polina-skliar-shrm-scp-5176007b/
2024-10-17 21:14:55 - werkzeug - INFO - 192.168.0.16 - - [17/Oct/2024 21:14:55] "[35m[1mPOST /api/url HTTP/1.1[0m" 500 -
2024-10-17 21:15:57 - werkzeug - INFO -  * Detected change in 'd:\\sw\\Liapi\\lidata.py', reloading
2024-10-17 21:15:57 - werkzeug - INFO -  * Restarting with stat
2024-10-17 21:15:58 - werkzeug - WARNING -  * Debugger is active!
2024-10-17 21:15:58 - werkzeug - INFO -  * Debugger PIN: 460-654-618
2024-10-17 21:16:01 - werkzeug - INFO -  * Detected change in 'd:\\sw\\Liapi\\lidata.py', reloading
2024-10-17 21:16:01 - werkzeug - INFO -  * Restarting with stat
2024-10-17 21:16:02 - werkzeug - WARNING -  * Debugger is active!
2024-10-17 21:16:02 - werkzeug - INFO -  * Debugger PIN: 460-654-618
2024-10-17 21:16:06 - werkzeug - INFO - 192.168.0.16 - - [17/Oct/2024 21:16:06] "OPTIONS /api/url HTTP/1.1" 200 -
2024-10-17 21:16:06 - logger - INFO - Receiving data for: https://www.linkedin.com/in/polina-skliar-shrm-scp-5176007b/
2024-10-17 21:16:06 - linkedin_api.client - DEBUG - Attempting to use cached cookies
2024-10-17 21:16:06 - linkedin_api.client - DEBUG - Using cached cookies
2024-10-17 21:16:06 - urllib3.connectionpool - DEBUG - Starting new HTTPS connection (1): www.linkedin.com:443
2024-10-17 21:16:07 - urllib3.connectionpool - DEBUG - https://www.linkedin.com:443 "GET / HTTP/11" 200 None
2024-10-17 21:16:13 - urllib3.connectionpool - DEBUG - Starting new HTTPS connection (1): www.linkedin.com:443
2024-10-17 21:16:13 - urllib3.connectionpool - DEBUG - https://www.linkedin.com:443 "GET /voyager/api/identity/profiles/polina-skliar-shrm-scp-5176007b/profileView HTTP/11" 200 6028
2024-10-17 21:16:17 - urllib3.connectionpool - DEBUG - https://www.linkedin.com:443 "GET /voyager/api/identity/profiles/polina-skliar-shrm-scp-5176007b/profileContactInfo HTTP/11" 200 None
2024-10-17 21:16:21 - urllib3.connectionpool - DEBUG - https://www.linkedin.com:443 "GET /voyager/api/graphql?variables=(profileUrn:urn%3Ali%3Afsd_profile%3AACoAAATAn-sBUQKSxd4ZbAroWQ1CQ2mZC3j4wbM,sectionType:experience)&queryId=voyagerIdentityDashProfileComponents.7af5d6f176f11583b382e37e5639e69e&includeWebMetadata=true HTTP/11" 200 24506
2024-10-17 21:16:21 - logger - INFO - Creating profile document for: https://www.linkedin.com/in/polina-skliar-shrm-scp-5176007b/
2024-10-17 21:16:21 - urllib3.connectionpool - DEBUG - Starting new HTTPS connection (1): media.licdn.com:443
2024-10-17 21:16:21 - urllib3.connectionpool - DEBUG - https://media.licdn.com:443 "GET /dms/image/v2/D4E03AQHoeizkzRKZoA/profile-displayphoto-shrink_200_200/profile-displayphoto-shrink_200_200/0/1687194801482?e=1734566400&v=beta&t=l8GZy8Acw73WDb29lOpgC32SmeUnFl8vlJoENTWMfi4 HTTP/11" 200 12852
2024-10-17 21:16:22 - werkzeug - INFO - 192.168.0.16 - - [17/Oct/2024 21:16:22] "POST /api/url HTTP/1.1" 200 -
2024-10-17 21:18:54 - werkzeug - INFO -  * Detected change in 'd:\\sw\\Liapi\\lidata.py', reloading
2024-10-17 21:18:54 - werkzeug - INFO -  * Restarting with stat
2024-10-17 21:18:55 - werkzeug - WARNING -  * Debugger is active!
2024-10-17 21:18:55 - werkzeug - INFO -  * Debugger PIN: 460-654-618
2024-10-17 21:19:18 - werkzeug - INFO - 192.168.0.16 - - [17/Oct/2024 21:19:18] "OPTIONS /api/url HTTP/1.1" 200 -
2024-10-17 21:19:18 - logger - INFO - Receiving data for: https://www.linkedin.com/in/%D0%BD%D0%B0%D1%82%D0%B0%D0%BB%D1%96%D1%8F-%D0%BA%D1%80%D1%96%D0%B2%D0%B8%D1%86%D1%8C%D0%BA%D0%B0-08a716143/
2024-10-17 21:19:18 - linkedin_api.client - DEBUG - Attempting to use cached cookies
2024-10-17 21:19:18 - linkedin_api.client - DEBUG - Using cached cookies
2024-10-17 21:19:18 - urllib3.connectionpool - DEBUG - Starting new HTTPS connection (1): www.linkedin.com:443
2024-10-17 21:19:19 - urllib3.connectionpool - DEBUG - https://www.linkedin.com:443 "GET / HTTP/11" 200 None
2024-10-17 21:19:22 - urllib3.connectionpool - DEBUG - Starting new HTTPS connection (1): www.linkedin.com:443
2024-10-17 21:19:23 - urllib3.connectionpool - DEBUG - https://www.linkedin.com:443 "GET /voyager/api/identity/profiles/%D0%BD%D0%B0%D1%82%D0%B0%D0%BB%D1%96%D1%8F-%D0%BA%D1%80%D1%96%D0%B2%D0%B8%D1%86%D1%8C%D0%BA%D0%B0-08a716143/profileView HTTP/11" 200 3227
2024-10-17 21:19:27 - urllib3.connectionpool - DEBUG - https://www.linkedin.com:443 "GET /voyager/api/identity/profiles/%D0%BD%D0%B0%D1%82%D0%B0%D0%BB%D1%96%D1%8F-%D0%BA%D1%80%D1%96%D0%B2%D0%B8%D1%86%D1%8C%D0%BA%D0%B0-08a716143/profileContactInfo HTTP/11" 200 None
2024-10-17 21:19:29 - urllib3.connectionpool - DEBUG - https://www.linkedin.com:443 "GET /voyager/api/me HTTP/11" 200 749
2024-10-17 21:19:29 - logger - INFO - Creating profile document for: https://www.linkedin.com/in/%D0%BD%D0%B0%D1%82%D0%B0%D0%BB%D1%96%D1%8F-%D0%BA%D1%80%D1%96%D0%B2%D0%B8%D1%86%D1%8C%D0%BA%D0%B0-08a716143/
2024-10-17 21:19:29 - urllib3.connectionpool - DEBUG - Starting new HTTPS connection (1): media.licdn.com:443
2024-10-17 21:19:30 - urllib3.connectionpool - DEBUG - https://media.licdn.com:443 "GET /dms/image/v2/C4E03AQE16Ss39XSSng/profile-displayphoto-shrink_200_200/profile-displayphoto-shrink_200_200/0/1644393076928?e=1734566400&v=beta&t=InVok9RHs-B9HddTxbGd34lEznf-aLwzlYvWFfKgc4s HTTP/11" 200 13120
2024-10-17 21:19:30 - werkzeug - INFO - 192.168.0.16 - - [17/Oct/2024 21:19:30] "POST /api/url HTTP/1.1" 200 -
2024-10-17 21:19:30 - werkzeug - ERROR - Error on request:
Traceback (most recent call last):
  File "D:\sw\Liapi\liapi\Lib\site-packages\werkzeug\serving.py", line 370, in run_wsgi
    execute(self.server.app)
  File "D:\sw\Liapi\liapi\Lib\site-packages\werkzeug\serving.py", line 334, in execute
    write(data)
  File "D:\sw\Liapi\liapi\Lib\site-packages\werkzeug\serving.py", line 274, in write
    self.send_header(key, value)
  File "C:\Python312\Lib\http\server.py", line 526, in send_header
    ("%s: %s\r\n" % (keyword, value)).encode('latin-1', 'strict'))
UnicodeEncodeError: 'latin-1' codec can't encode characters in position 43-49: ordinal not in range(256)
2024-10-17 21:20:19 - werkzeug - INFO - 192.168.0.16 - - [17/Oct/2024 21:20:19] "OPTIONS /api/url HTTP/1.1" 200 -
2024-10-17 21:20:19 - logger - INFO - Receiving data for: https://www.linkedin.com/in/%D0%BD%D0%B0%D1%82%D0%B0%D0%BB%D1%96%D1%8F-%D0%BA%D1%80%D1%96%D0%B2%D0%B8%D1%86%D1%8C%D0%BA%D0%B0-08a716143/
2024-10-17 21:20:19 - linkedin_api.client - DEBUG - Attempting to use cached cookies
2024-10-17 21:20:19 - linkedin_api.client - DEBUG - Using cached cookies
2024-10-17 21:20:19 - urllib3.connectionpool - DEBUG - Starting new HTTPS connection (1): www.linkedin.com:443
2024-10-17 21:20:20 - urllib3.connectionpool - DEBUG - https://www.linkedin.com:443 "GET / HTTP/11" 200 None
2024-10-17 21:20:24 - urllib3.connectionpool - DEBUG - Starting new HTTPS connection (1): www.linkedin.com:443
2024-10-17 21:20:25 - urllib3.connectionpool - DEBUG - https://www.linkedin.com:443 "GET /voyager/api/identity/profiles/%D0%BD%D0%B0%D1%82%D0%B0%D0%BB%D1%96%D1%8F-%D0%BA%D1%80%D1%96%D0%B2%D0%B8%D1%86%D1%8C%D0%BA%D0%B0-08a716143/profileView HTTP/11" 200 3229
2024-10-17 21:20:28 - urllib3.connectionpool - DEBUG - https://www.linkedin.com:443 "GET /voyager/api/identity/profiles/%D0%BD%D0%B0%D1%82%D0%B0%D0%BB%D1%96%D1%8F-%D0%BA%D1%80%D1%96%D0%B2%D0%B8%D1%86%D1%8C%D0%BA%D0%B0-08a716143/profileContactInfo HTTP/11" 200 None
2024-10-17 21:20:30 - urllib3.connectionpool - DEBUG - https://www.linkedin.com:443 "GET /voyager/api/me HTTP/11" 200 748
2024-10-17 21:20:30 - logger - INFO - Creating profile document for: https://www.linkedin.com/in/%D0%BD%D0%B0%D1%82%D0%B0%D0%BB%D1%96%D1%8F-%D0%BA%D1%80%D1%96%D0%B2%D0%B8%D1%86%D1%8C%D0%BA%D0%B0-08a716143/
2024-10-17 21:20:30 - urllib3.connectionpool - DEBUG - Starting new HTTPS connection (1): media.licdn.com:443
2024-10-17 21:20:31 - urllib3.connectionpool - DEBUG - https://media.licdn.com:443 "GET /dms/image/v2/C4E03AQE16Ss39XSSng/profile-displayphoto-shrink_200_200/profile-displayphoto-shrink_200_200/0/1644393076928?e=1734566400&v=beta&t=InVok9RHs-B9HddTxbGd34lEznf-aLwzlYvWFfKgc4s HTTP/11" 200 13120
2024-10-17 21:20:31 - werkzeug - INFO - 192.168.0.16 - - [17/Oct/2024 21:20:31] "POST /api/url HTTP/1.1" 200 -
2024-10-17 21:20:31 - werkzeug - ERROR - Error on request:
Traceback (most recent call last):
  File "D:\sw\Liapi\liapi\Lib\site-packages\werkzeug\serving.py", line 370, in run_wsgi
    execute(self.server.app)
  File "D:\sw\Liapi\liapi\Lib\site-packages\werkzeug\serving.py", line 334, in execute
    write(data)
  File "D:\sw\Liapi\liapi\Lib\site-packages\werkzeug\serving.py", line 274, in write
    self.send_header(key, value)
  File "C:\Python312\Lib\http\server.py", line 526, in send_header
    ("%s: %s\r\n" % (keyword, value)).encode('latin-1', 'strict'))
UnicodeEncodeError: 'latin-1' codec can't encode characters in position 43-49: ordinal not in range(256)
2024-10-17 21:21:49 - werkzeug - INFO -  * Detected change in 'd:\\sw\\Liapi\\lidata.py', reloading
2024-10-17 21:21:49 - werkzeug - INFO -  * Restarting with stat
2024-10-17 21:21:49 - werkzeug - WARNING -  * Debugger is active!
2024-10-17 21:21:49 - werkzeug - INFO -  * Debugger PIN: 460-654-618
2024-10-27 16:59:38 - werkzeug - INFO - [31m[1mWARNING: This is a development server. Do not use it in a production deployment. Use a production WSGI server instead.[0m
 * Running on all addresses (0.0.0.0)
 * Running on http://127.0.0.1:5000
 * Running on http://172.21.110.41:5000
2024-10-27 16:59:38 - werkzeug - INFO - [33mPress CTRL+C to quit[0m
2024-10-27 16:59:38 - werkzeug - INFO -  * Restarting with stat
2024-10-27 16:59:40 - werkzeug - WARNING -  * Debugger is active!
2024-10-27 16:59:40 - werkzeug - INFO -  * Debugger PIN: 224-662-039
2024-10-27 17:00:10 - werkzeug - INFO - 127.0.0.1 - - [27/Oct/2024 17:00:10] "OPTIONS /api/url HTTP/1.1" 200 -
2024-10-27 17:00:10 - logger - INFO - Receiving data for: https://www.linkedin.com/in/vicsor/
2024-10-27 17:00:10 - linkedin_api.client - DEBUG - Attempting to use cached cookies
2024-10-27 17:00:10 - linkedin_api.client - DEBUG - Using cached cookies
2024-10-27 17:00:10 - urllib3.connectionpool - DEBUG - Starting new HTTPS connection (1): www.linkedin.com:443
2024-10-27 17:00:11 - urllib3.connectionpool - DEBUG - https://www.linkedin.com:443 "GET / HTTP/11" 200 None
2024-10-27 17:00:16 - urllib3.connectionpool - DEBUG - Starting new HTTPS connection (1): www.linkedin.com:443
2024-10-27 17:00:17 - urllib3.connectionpool - DEBUG - https://www.linkedin.com:443 "GET /voyager/api/identity/profiles/vicsor/profileView HTTP/11" 200 4904
2024-10-27 17:00:17 - logger - INFO - Creating profile document for: https://www.linkedin.com/in/vicsor/
2024-10-27 17:00:17 - urllib3.connectionpool - DEBUG - Starting new HTTPS connection (1): media.licdn.com:443
2024-10-27 17:00:17 - urllib3.connectionpool - DEBUG - https://media.licdn.com:443 "GET /dms/image/v2/D4D35AQHIxfPLQBdFZg/profile-framedphoto-shrink_200_200/profile-framedphoto-shrink_200_200/0/1728891287284?e=1730649600&v=beta&t=zTb2jeNSP2JnsjPJ2Md-p8kOP3SMOW2NtiDOm9vELGg HTTP/11" 200 7980
2024-10-27 17:00:17 - werkzeug - INFO - 127.0.0.1 - - [27/Oct/2024 17:00:17] "POST /api/url HTTP/1.1" 200 -
2024-10-27 17:09:13 - werkzeug - INFO - [31m[1mWARNING: This is a development server. Do not use it in a production deployment. Use a production WSGI server instead.[0m
 * Running on all addresses (0.0.0.0)
 * Running on http://127.0.0.1:5000
 * Running on http://172.21.110.41:5000
2024-10-27 17:09:13 - werkzeug - INFO - [33mPress CTRL+C to quit[0m
2024-10-27 17:09:13 - werkzeug - INFO -  * Restarting with stat
2024-10-27 17:09:15 - werkzeug - WARNING -  * Debugger is active!
2024-10-27 17:09:15 - werkzeug - INFO -  * Debugger PIN: 224-662-039
2024-10-27 17:19:19 - werkzeug - INFO - 127.0.0.1 - - [27/Oct/2024 17:19:19] "OPTIONS /api/url HTTP/1.1" 200 -
2024-10-27 17:19:19 - logger - INFO - Receiving data for: https://www.linkedin.com/in/viktoria-shydei-344bb3317/
2024-10-27 17:19:19 - linkedin_api.client - DEBUG - Attempting to use cached cookies
2024-10-27 17:19:19 - linkedin_api.client - DEBUG - Using cached cookies
2024-10-27 17:19:19 - urllib3.connectionpool - DEBUG - Starting new HTTPS connection (1): www.linkedin.com:443
2024-10-27 17:19:20 - urllib3.connectionpool - DEBUG - https://www.linkedin.com:443 "GET / HTTP/11" 200 None
2024-10-27 17:19:23 - urllib3.connectionpool - DEBUG - Starting new HTTPS connection (1): www.linkedin.com:443
2024-10-27 17:19:24 - urllib3.connectionpool - DEBUG - https://www.linkedin.com:443 "GET /voyager/api/identity/profiles/viktoria-shydei-344bb3317/profileView HTTP/11" 200 2176
2024-10-27 17:19:24 - logger - INFO - Creating profile document for: https://www.linkedin.com/in/viktoria-shydei-344bb3317/
2024-10-27 17:19:24 - urllib3.connectionpool - DEBUG - Starting new HTTPS connection (1): media.licdn.com:443
2024-10-27 17:19:24 - urllib3.connectionpool - DEBUG - https://media.licdn.com:443 "GET /dms/image/v2/D4E03AQF_yfgfm4XtyA/profile-displayphoto-shrink_200_200/profile-displayphoto-shrink_200_200/0/1729595224016?e=1735776000&v=beta&t=a3Wf521plND1L2kVhlQ80oEr32CrbHL69777Zt9ypBE HTTP/11" 200 18912
2024-10-27 17:19:24 - werkzeug - INFO - 127.0.0.1 - - [27/Oct/2024 17:19:24] "POST /api/url HTTP/1.1" 200 -
2024-10-27 17:20:22 - werkzeug - INFO - 127.0.0.1 - - [27/Oct/2024 17:20:22] "OPTIONS /api/url HTTP/1.1" 200 -
2024-10-27 17:20:22 - logger - INFO - Receiving data for: https://www.linkedin.com/in/larysa-popova-077958161/
2024-10-27 17:20:22 - linkedin_api.client - DEBUG - Attempting to use cached cookies
2024-10-27 17:20:22 - linkedin_api.client - DEBUG - Using cached cookies
2024-10-27 17:20:22 - urllib3.connectionpool - DEBUG - Starting new HTTPS connection (1): www.linkedin.com:443
2024-10-27 17:20:23 - urllib3.connectionpool - DEBUG - https://www.linkedin.com:443 "GET / HTTP/11" 200 None
2024-10-27 17:20:29 - urllib3.connectionpool - DEBUG - Starting new HTTPS connection (1): www.linkedin.com:443
2024-10-27 17:20:29 - urllib3.connectionpool - DEBUG - https://www.linkedin.com:443 "GET /voyager/api/identity/profiles/larysa-popova-077958161/profileView HTTP/11" 200 2708
2024-10-27 17:20:29 - logger - INFO - Creating profile document for: https://www.linkedin.com/in/larysa-popova-077958161/
2024-10-27 17:20:29 - urllib3.connectionpool - DEBUG - Starting new HTTPS connection (1): media.licdn.com:443
2024-10-27 17:20:29 - urllib3.connectionpool - DEBUG - https://media.licdn.com:443 "GET /dms/image/v2/C4D03AQHCBsSOj_SmoQ/profile-displayphoto-shrink_200_200/profile-displayphoto-shrink_200_200/0/1587471424594?e=1735776000&v=beta&t=Yfbiwy7NbysI_1Cum5V19JWdyiZg235kzSjDI2zuBAQ HTTP/11" 200 12280
2024-10-27 17:20:29 - werkzeug - INFO - 127.0.0.1 - - [27/Oct/2024 17:20:29] "POST /api/url HTTP/1.1" 200 -
2024-10-27 19:53:51 - werkzeug - INFO - [31m[1mWARNING: This is a development server. Do not use it in a production deployment. Use a production WSGI server instead.[0m
 * Running on all addresses (0.0.0.0)
 * Running on http://127.0.0.1:5000
 * Running on http://172.21.110.41:5000
2024-10-27 19:53:51 - werkzeug - INFO - [33mPress CTRL+C to quit[0m
2024-10-27 19:53:51 - werkzeug - INFO -  * Restarting with stat
2024-10-27 19:53:53 - werkzeug - WARNING -  * Debugger is active!
2024-10-27 19:53:53 - werkzeug - INFO -  * Debugger PIN: 224-662-039
2024-10-27 19:54:07 - werkzeug - INFO -  * Detected change in '/mnt/d/sw/Liapi/app.py', reloading
2024-10-27 19:54:08 - werkzeug - INFO -  * Restarting with stat
2024-10-27 19:54:09 - werkzeug - WARNING -  * Debugger is active!
2024-10-27 19:54:09 - werkzeug - INFO -  * Debugger PIN: 224-662-039
2024-10-27 19:54:21 - werkzeug - INFO - 127.0.0.1 - - [27/Oct/2024 19:54:21] "OPTIONS /api/url HTTP/1.1" 200 -
2024-10-27 19:54:21 - werkzeug - INFO - 127.0.0.1 - - [27/Oct/2024 19:54:21] "[31m[1mPOST /api/url HTTP/1.1[0m" 403 -
2024-10-27 20:16:58 - werkzeug - INFO - [31m[1mWARNING: This is a development server. Do not use it in a production deployment. Use a production WSGI server instead.[0m
 * Running on all addresses (0.0.0.0)
 * Running on http://127.0.0.1:5000
 * Running on http://172.21.110.41:5000
2024-10-27 20:16:58 - werkzeug - INFO - [33mPress CTRL+C to quit[0m
2024-10-27 20:16:58 - werkzeug - INFO -  * Restarting with stat
2024-10-27 20:17:00 - werkzeug - WARNING -  * Debugger is active!
2024-10-27 20:17:00 - werkzeug - INFO -  * Debugger PIN: 301-802-646
2024-10-27 20:17:14 - werkzeug - INFO - 127.0.0.1 - - [27/Oct/2024 20:17:14] "OPTIONS /api/url HTTP/1.1" 200 -
2024-10-27 20:17:14 - logger - INFO - Receiving data for: https://www.linkedin.com/in/myroslava-ilchuk-6b1090181/
2024-10-27 20:17:14 - linkedin_api.client - DEBUG - Attempting to use cached cookies
2024-10-27 20:17:14 - linkedin_api.client - DEBUG - Using cached cookies
2024-10-27 20:17:14 - urllib3.connectionpool - DEBUG - Starting new HTTPS connection (1): www.linkedin.com:443
2024-10-27 20:17:15 - urllib3.connectionpool - DEBUG - https://www.linkedin.com:443 "GET / HTTP/11" 200 None
2024-10-27 20:17:22 - urllib3.connectionpool - DEBUG - Starting new HTTPS connection (1): www.linkedin.com:443
2024-10-27 20:17:22 - urllib3.connectionpool - DEBUG - https://www.linkedin.com:443 "GET /voyager/api/identity/profiles/myroslava-ilchuk-6b1090181/profileView HTTP/11" 200 4166
2024-10-27 20:17:22 - logger - INFO - Creating profile document for: https://www.linkedin.com/in/myroslava-ilchuk-6b1090181/
2024-10-27 20:17:22 - urllib3.connectionpool - DEBUG - Starting new HTTPS connection (1): media.licdn.com:443
2024-10-27 20:17:23 - urllib3.connectionpool - DEBUG - https://media.licdn.com:443 "GET /dms/image/v2/D4D03AQFtIM5retL5zA/profile-displayphoto-shrink_200_200/profile-displayphoto-shrink_200_200/0/1679916646246?e=1735776000&v=beta&t=8e-Te62sQqrRj_sJLHFz7kOixGdLq8ZXB1zN1jzO8Wk HTTP/11" 200 13683
2024-10-27 20:17:23 - werkzeug - INFO - 127.0.0.1 - - [27/Oct/2024 20:17:23] "POST /api/url HTTP/1.1" 200 -
2024-11-02 20:21:22 - werkzeug - INFO - [31m[1mWARNING: This is a development server. Do not use it in a production deployment. Use a production WSGI server instead.[0m
 * Running on all addresses (0.0.0.0)
 * Running on http://127.0.0.1:5000
 * Running on http://172.21.110.41:5000
2024-11-02 20:21:22 - werkzeug - INFO - [33mPress CTRL+C to quit[0m
2024-11-02 20:21:22 - werkzeug - INFO -  * Restarting with stat
2024-11-02 20:21:26 - werkzeug - WARNING -  * Debugger is active!
2024-11-02 20:21:26 - werkzeug - INFO -  * Debugger PIN: 165-298-380
2024-11-02 20:21:49 - werkzeug - INFO - 127.0.0.1 - - [02/Nov/2024 20:21:49] "OPTIONS /api/url HTTP/1.1" 200 -
2024-11-02 20:21:49 - logger - INFO - Receiving data for: https://www.linkedin.com/in/elenalkovalenko/
2024-11-02 20:21:49 - linkedin_api.client - DEBUG - Attempting to use cached cookies
2024-11-02 20:21:49 - linkedin_api.client - DEBUG - Using cached cookies
2024-11-02 20:21:49 - urllib3.connectionpool - DEBUG - Starting new HTTPS connection (1): www.linkedin.com:443
2024-11-02 20:21:50 - urllib3.connectionpool - DEBUG - https://www.linkedin.com:443 "GET / HTTP/11" 200 None
2024-11-02 20:21:56 - urllib3.connectionpool - DEBUG - Starting new HTTPS connection (1): www.linkedin.com:443
2024-11-02 20:21:57 - urllib3.connectionpool - DEBUG - https://www.linkedin.com:443 "GET /voyager/api/identity/profiles/elenalkovalenko/profileView HTTP/11" 200 5730
2024-11-02 20:21:57 - logger - INFO - Creating profile document for: https://www.linkedin.com/in/elenalkovalenko/
2024-11-02 20:21:57 - urllib3.connectionpool - DEBUG - Starting new HTTPS connection (1): media.licdn.com:443
2024-11-02 20:21:57 - urllib3.connectionpool - DEBUG - https://media.licdn.com:443 "GET /dms/image/v2/D4E03AQHvZRtmmV7drQ/profile-displayphoto-shrink_200_200/profile-displayphoto-shrink_200_200/0/1682246477929?e=1735776000&v=beta&t=mi5PVKKCb5qkFGBS5TZw7VDYgFtWMxEwcombDwEpQIc HTTP/11" 200 10427
2024-11-02 20:21:57 - werkzeug - INFO - 127.0.0.1 - - [02/Nov/2024 20:21:57] "POST /api/url HTTP/1.1" 200 -
2024-11-13 21:05:27 - werkzeug - INFO - [31m[1mWARNING: This is a development server. Do not use it in a production deployment. Use a production WSGI server instead.[0m
 * Running on all addresses (0.0.0.0)
 * Running on http://127.0.0.1:5000
 * Running on http://172.21.110.41:5000
2024-11-13 21:05:27 - werkzeug - INFO - [33mPress CTRL+C to quit[0m
2024-11-13 21:05:27 - werkzeug - INFO -  * Restarting with stat
2024-11-13 21:05:30 - werkzeug - WARNING -  * Debugger is active!
2024-11-13 21:05:30 - werkzeug - INFO -  * Debugger PIN: 169-098-198
2024-11-13 21:05:56 - werkzeug - INFO - 127.0.0.1 - - [13/Nov/2024 21:05:56] "OPTIONS /api/url HTTP/1.1" 200 -
2024-11-13 21:05:56 - logger - INFO - Receiving data for: https://www.linkedin.com/in/afurmanenko/
2024-11-13 21:05:56 - linkedin_api.client - DEBUG - Attempting to use cached cookies
2024-11-13 21:05:56 - linkedin_api.client - DEBUG - Using cached cookies
2024-11-13 21:05:56 - urllib3.connectionpool - DEBUG - Starting new HTTPS connection (1): www.linkedin.com:443
2024-11-13 21:05:56 - urllib3.connectionpool - DEBUG - https://www.linkedin.com:443 "GET / HTTP/11" 200 None
2024-11-13 21:06:00 - urllib3.connectionpool - DEBUG - Starting new HTTPS connection (1): www.linkedin.com:443
2024-11-13 21:06:01 - urllib3.connectionpool - DEBUG - https://www.linkedin.com:443 "GET /voyager/api/identity/profiles/afurmanenko/profileView HTTP/11" 200 4538
2024-11-13 21:06:05 - urllib3.connectionpool - DEBUG - https://www.linkedin.com:443 "GET /voyager/api/graphql?variables=(profileUrn:urn%3Ali%3Afsd_profile%3AACoAAATAn-sBUQKSxd4ZbAroWQ1CQ2mZC3j4wbM,sectionType:experience)&queryId=voyagerIdentityDashProfileComponents.7af5d6f176f11583b382e37e5639e69e&includeWebMetadata=true HTTP/11" 200 24500
2024-11-13 21:06:05 - logger - INFO - Creating profile document for: https://www.linkedin.com/in/afurmanenko/
2024-11-13 21:06:05 - urllib3.connectionpool - DEBUG - Starting new HTTPS connection (1): media.licdn.com:443
2024-11-13 21:06:05 - urllib3.connectionpool - DEBUG - https://media.licdn.com:443 "GET /dms/image/v2/C4D03AQGpL7z_ljO4Rw/profile-displayphoto-shrink_200_200/profile-displayphoto-shrink_200_200/0/1516983436506?e=1736985600&v=beta&t=7nA5C3o-p5ylJXAjp-BsKd5-nOyFw5r-WaT18SA4a_E HTTP/11" 200 10638
2024-11-13 21:06:06 - werkzeug - INFO - 127.0.0.1 - - [13/Nov/2024 21:06:06] "POST /api/url HTTP/1.1" 200 -
2024-11-13 21:30:41 - werkzeug - INFO -  * Detected change in '/mnt/d/sw/Liapi/cv.py', reloading
2024-11-13 21:30:41 - werkzeug - INFO -  * Restarting with stat
2024-11-13 21:30:43 - werkzeug - WARNING -  * Debugger is active!
2024-11-13 21:30:43 - werkzeug - INFO -  * Debugger PIN: 169-098-198
2024-11-13 21:30:54 - werkzeug - INFO - 127.0.0.1 - - [13/Nov/2024 21:30:54] "OPTIONS /api/url HTTP/1.1" 200 -
2024-11-13 21:30:54 - logger - INFO - Receiving data for: https://www.linkedin.com/in/afurmanenko/
2024-11-13 21:30:54 - linkedin_api.client - DEBUG - Attempting to use cached cookies
2024-11-13 21:30:54 - linkedin_api.client - DEBUG - Using cached cookies
2024-11-13 21:30:54 - urllib3.connectionpool - DEBUG - Starting new HTTPS connection (1): www.linkedin.com:443
2024-11-13 21:30:54 - urllib3.connectionpool - DEBUG - https://www.linkedin.com:443 "GET / HTTP/11" 200 None
2024-11-13 21:30:58 - urllib3.connectionpool - DEBUG - Starting new HTTPS connection (1): www.linkedin.com:443
2024-11-13 21:30:59 - urllib3.connectionpool - DEBUG - https://www.linkedin.com:443 "GET /voyager/api/identity/profiles/afurmanenko/profileView HTTP/11" 200 4536
2024-11-13 21:31:02 - urllib3.connectionpool - DEBUG - https://www.linkedin.com:443 "GET /voyager/api/graphql?variables=(profileUrn:urn%3Ali%3Afsd_profile%3AACoAAATAn-sBUQKSxd4ZbAroWQ1CQ2mZC3j4wbM,sectionType:experience)&queryId=voyagerIdentityDashProfileComponents.7af5d6f176f11583b382e37e5639e69e&includeWebMetadata=true HTTP/11" 200 24500
2024-11-13 21:31:02 - logger - INFO - Creating profile document for: https://www.linkedin.com/in/afurmanenko/
2024-11-13 21:31:02 - urllib3.connectionpool - DEBUG - Starting new HTTPS connection (1): media.licdn.com:443
2024-11-13 21:31:03 - urllib3.connectionpool - DEBUG - https://media.licdn.com:443 "GET /dms/image/v2/C4D03AQGpL7z_ljO4Rw/profile-displayphoto-shrink_200_200/profile-displayphoto-shrink_200_200/0/1516983436506?e=1736985600&v=beta&t=7nA5C3o-p5ylJXAjp-BsKd5-nOyFw5r-WaT18SA4a_E HTTP/11" 200 10638
2024-11-13 21:31:03 - logger - ERROR - Error occurred while creating profile document: https://www.linkedin.com/in/afurmanenko/
2024-11-13 21:31:03 - werkzeug - INFO - 127.0.0.1 - - [13/Nov/2024 21:31:03] "[35m[1mPOST /api/url HTTP/1.1[0m" 500 -
2024-11-13 21:31:49 - werkzeug - INFO -  * Detected change in '/mnt/d/sw/Liapi/cv.py', reloading
2024-11-13 21:31:50 - werkzeug - INFO -  * Restarting with stat
2024-11-13 21:31:52 - werkzeug - WARNING -  * Debugger is active!
2024-11-13 21:31:52 - werkzeug - INFO -  * Debugger PIN: 169-098-198
2024-11-13 21:31:53 - werkzeug - INFO -  * Detected change in '/mnt/d/sw/Liapi/cv.py', reloading
2024-11-13 21:31:53 - werkzeug - INFO -  * Restarting with stat
2024-11-13 21:31:56 - werkzeug - WARNING -  * Debugger is active!
2024-11-13 21:31:56 - werkzeug - INFO -  * Debugger PIN: 169-098-198
2024-11-13 21:32:00 - werkzeug - INFO - 127.0.0.1 - - [13/Nov/2024 21:32:00] "OPTIONS /api/url HTTP/1.1" 200 -
2024-11-13 21:32:00 - logger - INFO - Receiving data for: https://www.linkedin.com/in/afurmanenko/
2024-11-13 21:32:00 - linkedin_api.client - DEBUG - Attempting to use cached cookies
2024-11-13 21:32:00 - linkedin_api.client - DEBUG - Using cached cookies
2024-11-13 21:32:00 - urllib3.connectionpool - DEBUG - Starting new HTTPS connection (1): www.linkedin.com:443
2024-11-13 21:32:00 - urllib3.connectionpool - DEBUG - https://www.linkedin.com:443 "GET / HTTP/11" 200 None
2024-11-13 21:32:05 - urllib3.connectionpool - DEBUG - Starting new HTTPS connection (1): www.linkedin.com:443
2024-11-13 21:32:06 - urllib3.connectionpool - DEBUG - https://www.linkedin.com:443 "GET /voyager/api/identity/profiles/afurmanenko/profileView HTTP/11" 200 4535
2024-11-13 21:32:09 - urllib3.connectionpool - DEBUG - https://www.linkedin.com:443 "GET /voyager/api/graphql?variables=(profileUrn:urn%3Ali%3Afsd_profile%3AACoAAATAn-sBUQKSxd4ZbAroWQ1CQ2mZC3j4wbM,sectionType:experience)&queryId=voyagerIdentityDashProfileComponents.7af5d6f176f11583b382e37e5639e69e&includeWebMetadata=true HTTP/11" 200 24500
2024-11-13 21:32:09 - logger - INFO - Creating profile document for: https://www.linkedin.com/in/afurmanenko/
2024-11-13 21:32:09 - urllib3.connectionpool - DEBUG - Starting new HTTPS connection (1): media.licdn.com:443
2024-11-13 21:32:09 - urllib3.connectionpool - DEBUG - https://media.licdn.com:443 "GET /dms/image/v2/C4D03AQGpL7z_ljO4Rw/profile-displayphoto-shrink_200_200/profile-displayphoto-shrink_200_200/0/1516983436506?e=1736985600&v=beta&t=7nA5C3o-p5ylJXAjp-BsKd5-nOyFw5r-WaT18SA4a_E HTTP/11" 200 10638
2024-11-13 21:32:10 - werkzeug - INFO - 127.0.0.1 - - [13/Nov/2024 21:32:10] "POST /api/url HTTP/1.1" 200 -
2024-11-13 21:32:53 - werkzeug - INFO -  * Detected change in '/mnt/d/sw/Liapi/cv.py', reloading
2024-11-13 21:32:53 - werkzeug - INFO -  * Restarting with stat
2024-11-13 21:32:55 - werkzeug - WARNING -  * Debugger is active!
2024-11-13 21:32:55 - werkzeug - INFO -  * Debugger PIN: 169-098-198
2024-11-13 21:34:05 - werkzeug - INFO - 127.0.0.1 - - [13/Nov/2024 21:34:05] "OPTIONS /api/url HTTP/1.1" 200 -
2024-11-13 21:34:05 - logger - INFO - Receiving data for: https://www.linkedin.com/in/stratilatova-iryna-0b6a1029/
2024-11-13 21:34:05 - linkedin_api.client - DEBUG - Attempting to use cached cookies
2024-11-13 21:34:05 - linkedin_api.client - DEBUG - Using cached cookies
2024-11-13 21:34:05 - urllib3.connectionpool - DEBUG - Starting new HTTPS connection (1): www.linkedin.com:443
2024-11-13 21:34:06 - urllib3.connectionpool - DEBUG - https://www.linkedin.com:443 "GET / HTTP/11" 200 None
2024-11-13 21:34:12 - urllib3.connectionpool - DEBUG - Starting new HTTPS connection (1): www.linkedin.com:443
2024-11-13 21:34:12 - urllib3.connectionpool - DEBUG - https://www.linkedin.com:443 "GET /voyager/api/identity/profiles/stratilatova-iryna-0b6a1029/profileView HTTP/11" 200 3116
2024-11-13 21:34:15 - urllib3.connectionpool - DEBUG - https://www.linkedin.com:443 "GET /voyager/api/graphql?variables=(profileUrn:urn%3Ali%3Afsd_profile%3AACoAAAYF2YoBlpBDovukdVx7lv4-5xkpqbjsMYE,sectionType:experience)&queryId=voyagerIdentityDashProfileComponents.7af5d6f176f11583b382e37e5639e69e&includeWebMetadata=true HTTP/11" 200 22503
2024-11-13 21:34:15 - logger - INFO - Creating profile document for: https://www.linkedin.com/in/stratilatova-iryna-0b6a1029/
2024-11-13 21:34:15 - urllib3.connectionpool - DEBUG - Starting new HTTPS connection (1): media.licdn.com:443
2024-11-13 21:34:16 - urllib3.connectionpool - DEBUG - https://media.licdn.com:443 "GET /dms/image/v2/D4D03AQHDFfKW9AgCaw/profile-displayphoto-shrink_200_200/profile-displayphoto-shrink_200_200/0/1664518487567?e=1736985600&v=beta&t=_8F2l0Rh8vnjTM3e04gCjsX3RhRCeZ8giKSgSjPl8TA HTTP/11" 200 8021
2024-11-13 21:34:16 - werkzeug - INFO - 127.0.0.1 - - [13/Nov/2024 21:34:16] "POST /api/url HTTP/1.1" 200 -
2024-11-13 21:38:04 - werkzeug - INFO -  * Detected change in '/mnt/d/sw/Liapi/cv.py', reloading
2024-11-13 21:38:04 - werkzeug - INFO -  * Restarting with stat
2024-11-13 21:38:06 - werkzeug - WARNING -  * Debugger is active!
2024-11-13 21:38:06 - werkzeug - INFO -  * Debugger PIN: 169-098-198
2024-11-13 21:38:14 - werkzeug - INFO - 127.0.0.1 - - [13/Nov/2024 21:38:14] "OPTIONS /api/url HTTP/1.1" 200 -
2024-11-13 21:38:14 - logger - INFO - Receiving data for: https://www.linkedin.com/in/uliana-borteichuk-41054a1a3/
2024-11-13 21:38:14 - linkedin_api.client - DEBUG - Attempting to use cached cookies
2024-11-13 21:38:14 - linkedin_api.client - DEBUG - Using cached cookies
2024-11-13 21:38:14 - urllib3.connectionpool - DEBUG - Starting new HTTPS connection (1): www.linkedin.com:443
2024-11-13 21:38:15 - urllib3.connectionpool - DEBUG - https://www.linkedin.com:443 "GET / HTTP/11" 200 None
2024-11-13 21:38:19 - urllib3.connectionpool - DEBUG - Starting new HTTPS connection (1): www.linkedin.com:443
2024-11-13 21:38:20 - urllib3.connectionpool - DEBUG - https://www.linkedin.com:443 "GET /voyager/api/identity/profiles/uliana-borteichuk-41054a1a3/profileView HTTP/11" 200 3041
2024-11-13 21:38:24 - urllib3.connectionpool - DEBUG - https://www.linkedin.com:443 "GET /voyager/api/graphql?variables=(profileUrn:urn%3Ali%3Afsd_profile%3AACoAAC-ZtcwB7MidXPmF2vKVQ_fY7hXXVa3dkxk,sectionType:experience)&queryId=voyagerIdentityDashProfileComponents.7af5d6f176f11583b382e37e5639e69e&includeWebMetadata=true HTTP/11" 200 22726
2024-11-13 21:38:24 - logger - INFO - Creating profile document for: https://www.linkedin.com/in/uliana-borteichuk-41054a1a3/
2024-11-13 21:38:24 - logger - ERROR - Error occurred while creating profile document: https://www.linkedin.com/in/uliana-borteichuk-41054a1a3/
2024-11-13 21:38:24 - werkzeug - INFO - 127.0.0.1 - - [13/Nov/2024 21:38:24] "[35m[1mPOST /api/url HTTP/1.1[0m" 500 -
2024-11-13 21:40:18 - werkzeug - INFO -  * Detected change in '/mnt/d/sw/Liapi/cv.py', reloading
2024-11-13 21:40:18 - werkzeug - INFO -  * Restarting with stat
2024-11-13 21:40:21 - werkzeug - WARNING -  * Debugger is active!
2024-11-13 21:40:21 - werkzeug - INFO -  * Debugger PIN: 169-098-198
2024-11-13 21:40:23 - werkzeug - INFO - 127.0.0.1 - - [13/Nov/2024 21:40:23] "OPTIONS /api/url HTTP/1.1" 200 -
2024-11-13 21:40:23 - logger - INFO - Receiving data for: https://www.linkedin.com/in/uliana-borteichuk-41054a1a3/
2024-11-13 21:40:23 - linkedin_api.client - DEBUG - Attempting to use cached cookies
2024-11-13 21:40:23 - linkedin_api.client - DEBUG - Using cached cookies
2024-11-13 21:40:23 - urllib3.connectionpool - DEBUG - Starting new HTTPS connection (1): www.linkedin.com:443
2024-11-13 21:40:23 - urllib3.connectionpool - DEBUG - https://www.linkedin.com:443 "GET / HTTP/11" 200 None
2024-11-13 21:40:28 - urllib3.connectionpool - DEBUG - Starting new HTTPS connection (1): www.linkedin.com:443
2024-11-13 21:40:29 - urllib3.connectionpool - DEBUG - https://www.linkedin.com:443 "GET /voyager/api/identity/profiles/uliana-borteichuk-41054a1a3/profileView HTTP/11" 200 3039
2024-11-13 21:40:34 - urllib3.connectionpool - DEBUG - https://www.linkedin.com:443 "GET /voyager/api/graphql?variables=(profileUrn:urn%3Ali%3Afsd_profile%3AACoAAC-ZtcwB7MidXPmF2vKVQ_fY7hXXVa3dkxk,sectionType:experience)&queryId=voyagerIdentityDashProfileComponents.7af5d6f176f11583b382e37e5639e69e&includeWebMetadata=true HTTP/11" 200 22726
2024-11-13 21:40:34 - logger - INFO - Creating profile document for: https://www.linkedin.com/in/uliana-borteichuk-41054a1a3/
2024-11-13 21:40:34 - logger - ERROR - Error occurred while creating profile document: https://www.linkedin.com/in/uliana-borteichuk-41054a1a3/
2024-11-13 21:40:34 - werkzeug - INFO - 127.0.0.1 - - [13/Nov/2024 21:40:34] "[35m[1mPOST /api/url HTTP/1.1[0m" 500 -
2024-11-13 21:41:08 - werkzeug - INFO -  * Detected change in '/mnt/d/sw/Liapi/cv.py', reloading
2024-11-13 21:41:08 - werkzeug - INFO -  * Restarting with stat
2024-11-13 21:41:10 - werkzeug - WARNING -  * Debugger is active!
2024-11-13 21:41:10 - werkzeug - INFO -  * Debugger PIN: 169-098-198
2024-11-13 21:41:12 - werkzeug - INFO - 127.0.0.1 - - [13/Nov/2024 21:41:12] "OPTIONS /api/url HTTP/1.1" 200 -
2024-11-13 21:41:12 - logger - INFO - Receiving data for: https://www.linkedin.com/in/uliana-borteichuk-41054a1a3/
2024-11-13 21:41:12 - linkedin_api.client - DEBUG - Attempting to use cached cookies
2024-11-13 21:41:12 - linkedin_api.client - DEBUG - Using cached cookies
2024-11-13 21:41:12 - urllib3.connectionpool - DEBUG - Starting new HTTPS connection (1): www.linkedin.com:443
2024-11-13 21:41:13 - urllib3.connectionpool - DEBUG - https://www.linkedin.com:443 "GET / HTTP/11" 200 None
2024-11-13 21:41:19 - urllib3.connectionpool - DEBUG - Starting new HTTPS connection (1): www.linkedin.com:443
2024-11-13 21:41:20 - urllib3.connectionpool - DEBUG - https://www.linkedin.com:443 "GET /voyager/api/identity/profiles/uliana-borteichuk-41054a1a3/profileView HTTP/11" 200 3041
2024-11-13 21:41:23 - urllib3.connectionpool - DEBUG - https://www.linkedin.com:443 "GET /voyager/api/graphql?variables=(profileUrn:urn%3Ali%3Afsd_profile%3AACoAAC-ZtcwB7MidXPmF2vKVQ_fY7hXXVa3dkxk,sectionType:experience)&queryId=voyagerIdentityDashProfileComponents.7af5d6f176f11583b382e37e5639e69e&includeWebMetadata=true HTTP/11" 200 22726
2024-11-13 21:41:24 - logger - INFO - Creating profile document for: https://www.linkedin.com/in/uliana-borteichuk-41054a1a3/
2024-11-13 21:41:24 - logger - ERROR - Error occurred while creating profile document: https://www.linkedin.com/in/uliana-borteichuk-41054a1a3/
2024-11-13 21:41:24 - werkzeug - INFO - 127.0.0.1 - - [13/Nov/2024 21:41:24] "[35m[1mPOST /api/url HTTP/1.1[0m" 500 -
2024-11-13 21:42:57 - werkzeug - INFO -  * Detected change in '/mnt/d/sw/Liapi/cv.py', reloading
2024-11-13 21:42:57 - werkzeug - INFO -  * Restarting with stat
2024-11-13 21:43:08 - werkzeug - INFO - [31m[1mWARNING: This is a development server. Do not use it in a production deployment. Use a production WSGI server instead.[0m
 * Running on all addresses (0.0.0.0)
 * Running on http://127.0.0.1:5000
 * Running on http://172.21.110.41:5000
2024-11-13 21:43:08 - werkzeug - INFO - [33mPress CTRL+C to quit[0m
2024-11-13 21:43:08 - werkzeug - INFO -  * Restarting with stat
2024-11-13 21:43:10 - werkzeug - WARNING -  * Debugger is active!
2024-11-13 21:43:10 - werkzeug - INFO -  * Debugger PIN: 169-098-198
2024-11-13 21:43:20 - werkzeug - INFO - 127.0.0.1 - - [13/Nov/2024 21:43:20] "OPTIONS /api/url HTTP/1.1" 200 -
2024-11-13 21:43:20 - logger - INFO - Receiving data for: https://www.linkedin.com/in/uliana-borteichuk-41054a1a3/
2024-11-13 21:43:20 - linkedin_api.client - DEBUG - Attempting to use cached cookies
2024-11-13 21:43:20 - linkedin_api.client - DEBUG - Using cached cookies
2024-11-13 21:43:20 - urllib3.connectionpool - DEBUG - Starting new HTTPS connection (1): www.linkedin.com:443
2024-11-13 21:43:21 - urllib3.connectionpool - DEBUG - https://www.linkedin.com:443 "GET / HTTP/11" 200 None
2024-11-13 21:43:25 - urllib3.connectionpool - DEBUG - Starting new HTTPS connection (1): www.linkedin.com:443
2024-11-13 21:43:26 - urllib3.connectionpool - DEBUG - https://www.linkedin.com:443 "GET /voyager/api/identity/profiles/uliana-borteichuk-41054a1a3/profileView HTTP/11" 200 3042
2024-11-13 21:43:30 - urllib3.connectionpool - DEBUG - https://www.linkedin.com:443 "GET /voyager/api/graphql?variables=(profileUrn:urn%3Ali%3Afsd_profile%3AACoAAC-ZtcwB7MidXPmF2vKVQ_fY7hXXVa3dkxk,sectionType:experience)&queryId=voyagerIdentityDashProfileComponents.7af5d6f176f11583b382e37e5639e69e&includeWebMetadata=true HTTP/11" 200 22726
2024-11-13 21:43:30 - logger - INFO - Creating profile document for: https://www.linkedin.com/in/uliana-borteichuk-41054a1a3/
2024-11-13 21:43:30 - logger - ERROR - Error occurred while creating profile document: https://www.linkedin.com/in/uliana-borteichuk-41054a1a3/
2024-11-13 21:43:30 - werkzeug - INFO - 127.0.0.1 - - [13/Nov/2024 21:43:30] "[35m[1mPOST /api/url HTTP/1.1[0m" 500 -
2024-11-13 21:46:40 - werkzeug - INFO - [31m[1mWARNING: This is a development server. Do not use it in a production deployment. Use a production WSGI server instead.[0m
 * Running on all addresses (0.0.0.0)
 * Running on http://127.0.0.1:5000
 * Running on http://172.21.110.41:5000
2024-11-13 21:46:40 - werkzeug - INFO - [33mPress CTRL+C to quit[0m
2024-11-13 21:46:40 - werkzeug - INFO -  * Restarting with stat
2024-11-13 21:46:42 - werkzeug - WARNING -  * Debugger is active!
2024-11-13 21:46:42 - werkzeug - INFO -  * Debugger PIN: 169-098-198
2024-11-13 21:46:48 - werkzeug - INFO - 127.0.0.1 - - [13/Nov/2024 21:46:48] "OPTIONS /api/url HTTP/1.1" 200 -
2024-11-13 21:46:48 - logger - INFO - Receiving data for: https://www.linkedin.com/in/uliana-borteichuk-41054a1a3/
2024-11-13 21:46:48 - linkedin_api.client - DEBUG - Attempting to use cached cookies
2024-11-13 21:46:48 - linkedin_api.client - DEBUG - Using cached cookies
2024-11-13 21:46:48 - urllib3.connectionpool - DEBUG - Starting new HTTPS connection (1): www.linkedin.com:443
2024-11-13 21:46:49 - urllib3.connectionpool - DEBUG - https://www.linkedin.com:443 "GET / HTTP/11" 200 None
2024-11-13 21:46:55 - urllib3.connectionpool - DEBUG - Starting new HTTPS connection (1): www.linkedin.com:443
2024-11-13 21:46:55 - urllib3.connectionpool - DEBUG - https://www.linkedin.com:443 "GET /voyager/api/identity/profiles/uliana-borteichuk-41054a1a3/profileView HTTP/11" 200 3037
2024-11-13 21:46:59 - urllib3.connectionpool - DEBUG - https://www.linkedin.com:443 "GET /voyager/api/graphql?variables=(profileUrn:urn%3Ali%3Afsd_profile%3AACoAAC-ZtcwB7MidXPmF2vKVQ_fY7hXXVa3dkxk,sectionType:experience)&queryId=voyagerIdentityDashProfileComponents.7af5d6f176f11583b382e37e5639e69e&includeWebMetadata=true HTTP/11" 200 22726
2024-11-13 21:46:59 - logger - INFO - Creating profile document for: https://www.linkedin.com/in/uliana-borteichuk-41054a1a3/
2024-11-13 21:46:59 - logger - ERROR - Error occurred while creating profile document: https://www.linkedin.com/in/uliana-borteichuk-41054a1a3/
2024-11-13 21:46:59 - logger - ERROR - 'img_100_100'
2024-11-13 21:46:59 - werkzeug - INFO - 127.0.0.1 - - [13/Nov/2024 21:46:59] "[35m[1mPOST /api/url HTTP/1.1[0m" 500 -
2024-11-16 18:30:39 - werkzeug - INFO - [31m[1mWARNING: This is a development server. Do not use it in a production deployment. Use a production WSGI server instead.[0m
 * Running on all addresses (0.0.0.0)
 * Running on http://127.0.0.1:5000
 * Running on http://172.21.110.41:5000
2024-11-16 18:30:39 - werkzeug - INFO - [33mPress CTRL+C to quit[0m
2024-11-16 18:30:39 - werkzeug - INFO -  * Restarting with stat
2024-11-16 18:30:41 - werkzeug - WARNING -  * Debugger is active!
2024-11-16 18:30:41 - werkzeug - INFO -  * Debugger PIN: 143-238-018
2024-11-16 18:31:05 - werkzeug - INFO - 127.0.0.1 - - [16/Nov/2024 18:31:05] "OPTIONS /api/url HTTP/1.1" 200 -
2024-11-16 18:31:05 - logger - INFO - Receiving data for: https://www.linkedin.com/in/mordy-levine-ba2b65/
2024-11-16 18:31:05 - linkedin_api.client - DEBUG - Attempting to use cached cookies
2024-11-16 18:31:05 - linkedin_api.client - DEBUG - Using cached cookies
2024-11-16 18:31:05 - urllib3.connectionpool - DEBUG - Starting new HTTPS connection (1): www.linkedin.com:443
2024-11-16 18:31:15 - logger - ERROR - Error occurred while receiving data for: https://www.linkedin.com/in/mordy-levine-ba2b65/
2024-11-16 18:31:15 - werkzeug - INFO - 127.0.0.1 - - [16/Nov/2024 18:31:15] "[35m[1mPOST /api/url HTTP/1.1[0m" 500 -
2024-11-16 18:31:53 - werkzeug - INFO - 127.0.0.1 - - [16/Nov/2024 18:31:53] "OPTIONS /api/url HTTP/1.1" 200 -
2024-11-16 18:31:53 - logger - INFO - Receiving data for: https://www.linkedin.com/in/nasonshawn/
2024-11-16 18:31:53 - linkedin_api.client - DEBUG - Attempting to use cached cookies
2024-11-16 18:31:53 - linkedin_api.client - DEBUG - Using cached cookies
2024-11-16 18:31:53 - urllib3.connectionpool - DEBUG - Starting new HTTPS connection (1): www.linkedin.com:443
2024-11-16 18:32:03 - logger - ERROR - Error occurred while receiving data for: https://www.linkedin.com/in/nasonshawn/
2024-11-16 18:32:03 - werkzeug - INFO - 127.0.0.1 - - [16/Nov/2024 18:32:03] "[35m[1mPOST /api/url HTTP/1.1[0m" 500 -
2024-11-16 19:52:20 - werkzeug - INFO - [31m[1mWARNING: This is a development server. Do not use it in a production deployment. Use a production WSGI server instead.[0m
 * Running on all addresses (0.0.0.0)
 * Running on http://127.0.0.1:5000
 * Running on http://172.21.110.41:5000
2024-11-16 19:52:20 - werkzeug - INFO - [33mPress CTRL+C to quit[0m
2024-11-16 19:52:21 - werkzeug - INFO -  * Restarting with stat
2024-11-16 19:52:22 - werkzeug - WARNING -  * Debugger is active!
2024-11-16 19:52:23 - werkzeug - INFO -  * Debugger PIN: 120-976-070
2024-11-16 19:52:29 - werkzeug - INFO - 127.0.0.1 - - [16/Nov/2024 19:52:29] "OPTIONS /api/url HTTP/1.1" 200 -
2024-11-16 19:52:29 - logger - INFO - Receiving data for: https://www.linkedin.com/in/nasonshawn/
2024-11-16 19:52:29 - linkedin_api.client - DEBUG - Attempting to use cached cookies
2024-11-16 19:52:29 - linkedin_api.client - DEBUG - Using cached cookies
2024-11-16 19:52:29 - urllib3.connectionpool - DEBUG - Starting new HTTPS connection (1): www.linkedin.com:443
2024-11-16 19:52:30 - urllib3.connectionpool - DEBUG - https://www.linkedin.com:443 "GET / HTTP/11" 200 None
2024-11-16 19:52:35 - urllib3.connectionpool - DEBUG - Starting new HTTPS connection (1): www.linkedin.com:443
2024-11-16 19:52:36 - urllib3.connectionpool - DEBUG - https://www.linkedin.com:443 "GET /voyager/api/identity/profiles/nasonshawn/profileView HTTP/11" 200 22059
2024-11-16 19:52:39 - urllib3.connectionpool - DEBUG - https://www.linkedin.com:443 "GET /voyager/api/graphql?variables=(profileUrn:urn%3Ali%3Afsd_profile%3AACoAAADccPAB6b55U-SDUCrUss9rxGLoWdBEsIU,sectionType:experience)&queryId=voyagerIdentityDashProfileComponents.7af5d6f176f11583b382e37e5639e69e&includeWebMetadata=true HTTP/11" 200 35301
2024-11-16 19:52:39 - logger - ERROR - Error occurred while receiving data for: https://www.linkedin.com/in/nasonshawn/
2024-11-16 19:52:39 - werkzeug - INFO - 127.0.0.1 - - [16/Nov/2024 19:52:39] "[35m[1mPOST /api/url HTTP/1.1[0m" 500 -
2024-11-16 20:09:53 - werkzeug - INFO - [31m[1mWARNING: This is a development server. Do not use it in a production deployment. Use a production WSGI server instead.[0m
 * Running on all addresses (0.0.0.0)
 * Running on http://127.0.0.1:5000
 * Running on http://172.21.110.41:5000
2024-11-16 20:09:53 - werkzeug - INFO - [33mPress CTRL+C to quit[0m
2024-11-16 20:09:53 - werkzeug - INFO -  * Restarting with stat
2024-11-16 20:09:55 - werkzeug - WARNING -  * Debugger is active!
2024-11-16 20:09:55 - werkzeug - INFO -  * Debugger PIN: 120-976-070
2024-11-16 20:10:05 - werkzeug - INFO - 127.0.0.1 - - [16/Nov/2024 20:10:05] "OPTIONS /api/url HTTP/1.1" 200 -
2024-11-16 20:10:05 - logger - INFO - Receiving data for: https://www.linkedin.com/in/nasonshawn/
2024-11-16 20:10:05 - linkedin_api.client - DEBUG - Attempting to use cached cookies
2024-11-16 20:10:05 - linkedin_api.client - DEBUG - Using cached cookies
2024-11-16 20:10:05 - urllib3.connectionpool - DEBUG - Starting new HTTPS connection (1): www.linkedin.com:443
2024-11-16 20:10:06 - urllib3.connectionpool - DEBUG - https://www.linkedin.com:443 "GET / HTTP/11" 200 None
2024-11-16 20:10:09 - urllib3.connectionpool - DEBUG - Starting new HTTPS connection (1): www.linkedin.com:443
2024-11-16 20:10:10 - urllib3.connectionpool - DEBUG - https://www.linkedin.com:443 "GET /voyager/api/identity/profiles/nasonshawn/profileView HTTP/11" 200 22069
2024-11-16 20:10:13 - urllib3.connectionpool - DEBUG - https://www.linkedin.com:443 "GET /voyager/api/graphql?variables=(profileUrn:urn%3Ali%3Afsd_profile%3AACoAAADccPAB6b55U-SDUCrUss9rxGLoWdBEsIU,sectionType:experience)&queryId=voyagerIdentityDashProfileComponents.7af5d6f176f11583b382e37e5639e69e&includeWebMetadata=true HTTP/11" 200 35299
2024-11-16 20:10:13 - logger - ERROR - Error occurred while receiving data for: https://www.linkedin.com/in/nasonshawn/
2024-11-16 20:10:13 - werkzeug - INFO - 127.0.0.1 - - [16/Nov/2024 20:10:13] "[35m[1mPOST /api/url HTTP/1.1[0m" 500 -
2024-11-16 20:10:51 - werkzeug - INFO -  * Detected change in '/mnt/d/sw/Liapi/lidata.py', reloading
2024-11-16 20:10:51 - werkzeug - INFO -  * Restarting with stat
2024-11-16 20:10:53 - werkzeug - WARNING -  * Debugger is active!
2024-11-16 20:10:53 - werkzeug - INFO -  * Debugger PIN: 120-976-070
2024-11-16 20:10:59 - werkzeug - INFO - 127.0.0.1 - - [16/Nov/2024 20:10:59] "OPTIONS /api/url HTTP/1.1" 200 -
2024-11-16 20:10:59 - logger - INFO - Receiving data for: https://www.linkedin.com/in/nasonshawn/
2024-11-16 20:10:59 - linkedin_api.client - DEBUG - Attempting to use cached cookies
2024-11-16 20:10:59 - linkedin_api.client - DEBUG - Using cached cookies
2024-11-16 20:10:59 - urllib3.connectionpool - DEBUG - Starting new HTTPS connection (1): www.linkedin.com:443
2024-11-16 20:11:00 - urllib3.connectionpool - DEBUG - https://www.linkedin.com:443 "GET / HTTP/11" 200 None
2024-11-16 20:11:03 - urllib3.connectionpool - DEBUG - Starting new HTTPS connection (1): www.linkedin.com:443
2024-11-16 20:11:04 - urllib3.connectionpool - DEBUG - https://www.linkedin.com:443 "GET /voyager/api/identity/profiles/nasonshawn/profileView HTTP/11" 200 22063
2024-11-16 20:11:08 - urllib3.connectionpool - DEBUG - https://www.linkedin.com:443 "GET /voyager/api/graphql?variables=(profileUrn:urn%3Ali%3Afsd_profile%3AACoAAADccPAB6b55U-SDUCrUss9rxGLoWdBEsIU,sectionType:experience)&queryId=voyagerIdentityDashProfileComponents.7af5d6f176f11583b382e37e5639e69e&includeWebMetadata=true HTTP/11" 200 35299
2024-11-16 20:11:08 - logger - ERROR - Error occurred while receiving data for: https://www.linkedin.com/in/nasonshawn/
2024-11-16 20:11:08 - werkzeug - INFO - 127.0.0.1 - - [16/Nov/2024 20:11:08] "[35m[1mPOST /api/url HTTP/1.1[0m" 500 -
2024-11-16 20:12:18 - werkzeug - INFO -  * Detected change in '/mnt/d/sw/Liapi/app.py', reloading
2024-11-16 20:12:19 - werkzeug - INFO -  * Restarting with stat
2024-11-16 20:12:20 - werkzeug - WARNING -  * Debugger is active!
2024-11-16 20:12:20 - werkzeug - INFO -  * Debugger PIN: 120-976-070
2024-11-16 20:12:30 - werkzeug - INFO - 127.0.0.1 - - [16/Nov/2024 20:12:30] "OPTIONS /api/url HTTP/1.1" 200 -
2024-11-16 20:12:30 - logger - INFO - Receiving data for: https://www.linkedin.com/in/carinahellmich/
2024-11-16 20:12:30 - linkedin_api.client - DEBUG - Attempting to use cached cookies
2024-11-16 20:12:30 - linkedin_api.client - DEBUG - Using cached cookies
2024-11-16 20:12:30 - urllib3.connectionpool - DEBUG - Starting new HTTPS connection (1): www.linkedin.com:443
2024-11-16 20:12:31 - urllib3.connectionpool - DEBUG - https://www.linkedin.com:443 "GET / HTTP/11" 200 None
2024-11-16 20:12:36 - urllib3.connectionpool - DEBUG - Starting new HTTPS connection (1): www.linkedin.com:443
2024-11-16 20:12:37 - urllib3.connectionpool - DEBUG - https://www.linkedin.com:443 "GET /voyager/api/identity/profiles/carinahellmich/profileView HTTP/11" 200 7271
2024-11-16 20:12:42 - urllib3.connectionpool - DEBUG - https://www.linkedin.com:443 "GET /voyager/api/graphql?variables=(profileUrn:urn%3Ali%3Afsd_profile%3AACoAADVM-LUBPyKj2glEOsbSeHd6BrzyCmRg5zw,sectionType:experience)&queryId=voyagerIdentityDashProfileComponents.7af5d6f176f11583b382e37e5639e69e&includeWebMetadata=true HTTP/11" 200 22499
2024-11-16 20:12:42 - logger - INFO - Creating profile document for: https://www.linkedin.com/in/carinahellmich/
2024-11-16 20:12:43 - urllib3.connectionpool - DEBUG - Starting new HTTPS connection (1): media.licdn.com:443
2024-11-16 20:12:43 - urllib3.connectionpool - DEBUG - https://media.licdn.com:443 "GET /dms/image/v2/D4D03AQEr265U08csUQ/profile-displayphoto-shrink_800_800/profile-displayphoto-shrink_800_800/0/1706203909893?e=1736985600&v=beta&t=7jkWvsN1ivNZ7HHrkVBFWgdoPYhyPncLtqa-42FSxPo HTTP/11" 200 45180
2024-11-16 20:12:43 - werkzeug - INFO - 127.0.0.1 - - [16/Nov/2024 20:12:43] "POST /api/url HTTP/1.1" 200 -
